<?xml version="1.0" encoding="UTF-8" ?>
<testsuite errors="0" failures="2" hostname="macbookKWL.local" name="enigma.EnigmaTranspositionRotorTest" tests="5" time="0.347" timestamp="2013-05-24T16:41:03">
  <properties>
    <property name="libs.jsp-compiler.javadoc" value="" />
    <property name="netbeans.autoupdate.country" value="US" />
    <property name="nb.wait.for.caches" value="true" />
    <property name="javac.test.classpath" value=":build/classes:/Applications/NetBeans/NetBeans 7.2.app/Contents/Resources/NetBeans/platform/modules/ext/junit-4.10.jar" />
    <property name="libs.jsf20.maven-pom" value="" />
    <property name="libs.junit.javadoc" value="/Applications/NetBeans/NetBeans 7.2.app/Contents/Resources/NetBeans/java/docs/junit-3.8.2-api.zip" />
    <property name="ant.core.lib" value="/Applications/NetBeans/NetBeans 7.2.app/Contents/Resources/NetBeans/java/ant/lib/ant.jar" />
    <property name="libs.swing-app-framework.src" value="" />
    <property name="javadoc.windowtitle" value="" />
    <property name="libs.jsp-compilation.javadoc" value="" />
    <property name="user.dir" value="/Users/kevin.lawrence/Documents/Source/Cryptography" />
    <property name="com.apple.mrj.application.apple.menu.about.name" value="NetBeans" />
    <property name="libs.hibernate-persistence.javadoc" value="" />
    <property name="java.vm.version" value="23.2-b09" />
    <property name="libs.jstl11.maven-pom" value="" />
    <property name="libs.Java-EE-GlassFish-v3.wsimport" value="" />
    <property name="libs.MySQLDriver.classpath" value="/Applications/NetBeans/NetBeans 7.2.app/Contents/Resources/NetBeans/ide/modules/ext/mysql-connector-java-5.1.18-bin.jar" />
    <property name="libs.eclipselinkmodelgen.src" value="" />
    <property name="libs.jstl11.src" value="" />
    <property name="javadoc.notree" value="false" />
    <property name="netbeans.autoupdate.version" value="1.23" />
    <property name="libs.EclipseLink-GlassFish-v3.classpath" value="/Applications/NetBeans/glassfish-3.1.2.2/glassfish/modules/org.eclipse.persistence.antlr.jar:/Applications/NetBeans/glassfish-3.1.2.2/glassfish/modules/org.eclipse.persistence.asm.jar:/Applications/NetBeans/glassfish-3.1.2.2/glassfish/modules/org.eclipse.persistence.core.jar:/Applications/NetBeans/glassfish-3.1.2.2/glassfish/modules/org.eclipse.persistence.jpa.jar:/Applications/NetBeans/glassfish-3.1.2.2/glassfish/modules/org.eclipse.persistence.jpa.modelgen.jar:/Applications/NetBeans/glassfish-3.1.2.2/glassfish/modules/org.eclipse.persistence.moxy.jar:/Applications/NetBeans/glassfish-3.1.2.2/glassfish/modules/org.eclipse.persistence.oracle.jar:/Applications/NetBeans/glassfish-3.1.2.2/glassfish/modules/javax.persistence.jar" />
    <property name="libs.javaee-web-api-6.0.classpath" value="/Applications/NetBeans/NetBeans 7.2.app/Contents/Resources/NetBeans/enterprise/modules/ext/javaee-web-api-6.0.jar" />
    <property name="libs.hibernate-support.maven-pom" value="" />
    <property name="libs.hibernate-support.javadoc" value="" />
    <property name="jdk.home" value="/Library/Java/JavaVirtualMachines/jdk1.7.0_06.jdk/Contents/Home" />
    <property name="libs.javac-api.src" value="" />
    <property name="javadoc.noindex" value="false" />
    <property name="sun.os.patch.level" value="unknown" />
    <property name="java.vm.specification.name" value="Java Virtual Machine Specification" />
    <property name="nb.show.statistics.ui" value="usageStatisticsEnabled" />
    <property name="netbeans.autoupdate.variant" value="" />
    <property name="have.tests" value="true" />
    <property name="libs.JFormDesigner-FormLayout.classpath" value="/Users/kevin.lawrence/Library/Application Support/NetBeans/7.2/redist/jgoodies-forms.jar:/Users/kevin.lawrence/Library/Application Support/NetBeans/7.2/redist/jgoodies-common.jar" />
    <property name="org.xml.sax.driver" value="com.sun.org.apache.xerces.internal.jaxp.SAXParserImpl$JAXPSAXParser" />
    <property name="libs.javac-api.javadoc" value="" />
    <property name="os.name" value="Mac OS X" />
    <property name="libs.beans-binding.classpath" value="/Applications/NetBeans/NetBeans 7.2.app/Contents/Resources/NetBeans/java/modules/ext/beansbinding-1.2.1.jar" />
    <property name="libs.restapi.javadoc" value="/Applications/NetBeans/NetBeans 7.2.app/Contents/Resources/NetBeans/enterprise/docs/jsr311-api-1.1.1-javadoc.zip" />
    <property name="libs.JWSAntTasks.maven-pom" value="" />
    <property name="jnlp.signing.keystore" value="" />
    <property name="libs.testng.src" value="" />
    <property name="libs.spring-webmvc3.0.src" value="" />
    <property name="libs.restapi.classpath" value="/Applications/NetBeans/NetBeans 7.2.app/Contents/Resources/NetBeans/enterprise/modules/ext/rest/jsr311-api-1.1.1.jar" />
    <property name="java.vendor.url.bug" value="http://bugreport.sun.com/bugreport/" />
    <property name="libs.jaxb.maven-pom" value="" />
    <property name="os.arch" value="x86_64" />
    <property name="libs.eclipselink.src" value="" />
    <property name="user.name" value="kevin.lawrence" />
    <property name="libs.jsf12.javadoc" value="/Applications/NetBeans/NetBeans 7.2.app/Contents/Resources/NetBeans/enterprise/docs/javaee6-doc-api.zip" />
    <property name="libs.Comet-GlassFish-v3.javadoc" value="" />
    <property name="copylibs.rebase" value="true" />
    <property name="libs.spring-webmvc3.0.maven-pom" value="" />
    <property name="libs.swing-layout.maven-pom" value="" />
    <property name="sun.java.command" value="org.apache.tools.ant.taskdefs.optional.junit.JUnitTestRunner enigma.EnigmaTranspositionRotorTest filtertrace=true haltOnError=false haltOnFailure=false showoutput=true outputtoformatters=true logfailedtests=true logtestlistenerevents=true formatter=org.apache.tools.ant.taskdefs.optional.junit.BriefJUnitResultFormatter formatter=org.apache.tools.ant.taskdefs.optional.junit.XMLJUnitResultFormatter,/Users/kevin.lawrence/Documents/Source/Cryptography/build/test/results/TEST-enigma.EnigmaTranspositionRotorTest.xml crashfile=/Users/kevin.lawrence/Documents/Source/Cryptography/build/junitvmwatcher1611523249311544596.properties propsfile=/Users/kevin.lawrence/Documents/Source/Cryptography/build/junit500848084136028350.properties" />
    <property name="build.classes.dir" value="build/classes" />
    <property name="netbeans.accept_license_class" value="org.netbeans.license.AcceptLicense" />
    <property name="jnlp.descriptor" value="application" />
    <property name="libs.Java-EE-GlassFish-v3.wsjwsdp" value="" />
    <property name="build.sysclasspath" value="ignore" />
    <property name="libs.jaxws21.javadoc" value="/Applications/NetBeans/NetBeans 7.2.app/Contents/Resources/NetBeans/java/docs/jaxws-api-doc.zip" />
    <property name="includes" value="**" />
    <property name="libs.JFormDesigner-JGoodiesUIFlite.src" value="/Users/kevin.lawrence/Library/Application Support/NetBeans/7.2/redist/jgoodies-uif-lite-src.zip" />
    <property name="user.country" value="US" />
    <property name="libs.jstl11.javadoc" value="/Applications/NetBeans/NetBeans 7.2.app/Contents/Resources/NetBeans/enterprise/docs/javaee6-doc-api.zip" />
    <property name="javadoc.encoding" value="UTF-8" />
    <property name="javac.classpath" value="" />
    <property name="libs.JFormDesigner-FormLayout.javadoc" value="/Users/kevin.lawrence/Library/Application Support/NetBeans/7.2/redist/jgoodies-forms-javadoc.zip:/Users/kevin.lawrence/Library/Application Support/NetBeans/7.2/redist/jgoodies-common-javadoc.zip" />
    <property name="libs.jsp-compilation-syscp.src" value="" />
    <property name="libs.JAVADB_DRIVER_LABEL.src" value="" />
    <property name="debug-transport" value="dt_socket" />
    <property name="netbeans.system_http_non_proxy_hosts" value="" />
    <property name="netbeans.home" value="/Applications/NetBeans/NetBeans 7.2.app/Contents/Resources/NetBeans/platform" />
    <property name="build.compiler.emacs" value="true" />
    <property name="libs.javaee-web-api-6.0.src" value="" />
    <property name="libs.ejb3-persistence.src" value="" />
    <property name="libs.Java-EE-GlassFish-v3.javadoc" value="/Applications/NetBeans/NetBeans 7.2.app/Contents/Resources/NetBeans/enterprise/docs/javaee6-doc-api.zip" />
    <property name="libs.jsp-compilation-syscp.classpath" value="/Applications/NetBeans/NetBeans 7.2.app/Contents/Resources/NetBeans/java/ant/lib/ant.jar:/Applications/NetBeans/NetBeans 7.2.app/Contents/Resources/NetBeans/enterprise/modules/ext/servlet3.0-jsp2.2-api.jar:/Applications/NetBeans/NetBeans 7.2.app/Contents/Resources/NetBeans/enterprise/modules/ext/glassfish-jspparser-3.0.jar:/Applications/NetBeans/NetBeans 7.2.app/Contents/Resources/NetBeans/enterprise/modules/ext/standard.jar:/Applications/NetBeans/NetBeans 7.2.app/Contents/Resources/NetBeans/enterprise/modules/ext/jsf-2_1/jsf-impl.jar" />
    <property name="libs.JFormDesigner-TableLayout.maven-pom" value="" />
    <property name="java.endorsed.dirs" value="/Library/Java/JavaVirtualMachines/jdk1.7.0_06.jdk/Contents/Home/jre/lib/endorsed" />
    <property name="libs.Comet-GlassFish-v3.maven-pom" value="" />
    <property name="netbeans.dynamic.classpath" value="/Applications/NetBeans/NetBeans 7.2.app/Contents/Resources/NetBeans/platform/core/core.jar:/Applications/NetBeans/NetBeans 7.2.app/Contents/Resources/NetBeans/platform/core/org-openide-filesystems.jar:/Applications/NetBeans/NetBeans 7.2.app/Contents/Resources/NetBeans/platform/core/locale/core_ja.jar:/Applications/NetBeans/NetBeans 7.2.app/Contents/Resources/NetBeans/platform/core/locale/core_pt_BR.jar:/Applications/NetBeans/NetBeans 7.2.app/Contents/Resources/NetBeans/platform/core/locale/core_ru.jar:/Applications/NetBeans/NetBeans 7.2.app/Contents/Resources/NetBeans/platform/core/locale/core_zh_CN.jar:/Applications/NetBeans/NetBeans 7.2.app/Contents/Resources/NetBeans/platform/core/locale/org-openide-filesystems_ja.jar:/Applications/NetBeans/NetBeans 7.2.app/Contents/Resources/NetBeans/platform/core/locale/org-openide-filesystems_pt_BR.jar:/Applications/NetBeans/NetBeans 7.2.app/Contents/Resources/NetBeans/platform/core/locale/org-openide-filesystems_ru.jar:/Applications/NetBeans/NetBeans 7.2.app/Contents/Resources/NetBeans/platform/core/locale/org-openide-filesystems_zh_CN.jar:/Applications/NetBeans/NetBeans 7.2.app/Contents/Resources/NetBeans/nb/core/org-netbeans-upgrader.jar:/Applications/NetBeans/NetBeans 7.2.app/Contents/Resources/NetBeans/nb/core/locale/core_nb.jar:/Applications/NetBeans/NetBeans 7.2.app/Contents/Resources/NetBeans/nb/core/locale/core_nb_ja.jar:/Applications/NetBeans/NetBeans 7.2.app/Contents/Resources/NetBeans/nb/core/locale/core_nb_pt_BR.jar:/Applications/NetBeans/NetBeans 7.2.app/Contents/Resources/NetBeans/nb/core/locale/core_nb_ru.jar:/Applications/NetBeans/NetBeans 7.2.app/Contents/Resources/NetBeans/nb/core/locale/core_nb_zh_CN.jar:/Applications/NetBeans/NetBeans 7.2.app/Contents/Resources/NetBeans/nb/core/locale/org-netbeans-upgrader_ja.jar:/Applications/NetBeans/NetBeans 7.2.app/Contents/Resources/NetBeans/nb/core/locale/org-netbeans-upgrader_pt_BR.jar:/Applications/NetBeans/NetBeans 7.2.app/Contents/Resources/NetBeans/nb/core/locale/org-netbeans-upgrader_ru.jar:/Applications/NetBeans/NetBeans 7.2.app/Contents/Resources/NetBeans/nb/core/locale/org-netbeans-upgrader_zh_CN.jar" />
    <property name="jnlp.enabled" value="false" />
    <property name="java.vm.specification.version" value="1.7" />
    <property name="libs.primefaces.classpath" value="/Applications/NetBeans/NetBeans 7.2.app/Contents/Resources/NetBeans/enterprise/modules/ext/primefaces/primefaces-3.2.jar" />
    <property name="libs.javaee-api-6.0.classpath" value="/Applications/NetBeans/NetBeans 7.2.app/Contents/Resources/NetBeans/enterprise/modules/ext/javaee-api-6.0.jar" />
    <property name="ftp.nonProxyHosts" value="local|*.local|169.254/16|*.169.254/16" />
    <property name="netbeans.productversion" value="NetBeans IDE 7.2 (Build 201207171143)" />
    <property name="libs.hibernate-persistence.classpath" value="/Applications/NetBeans/NetBeans 7.2.app/Contents/Resources/NetBeans/java/modules/ext/hibernate/antlr-2.7.6.jar:/Applications/NetBeans/NetBeans 7.2.app/Contents/Resources/NetBeans/java/modules/ext/hibernate/asm.jar:/Applications/NetBeans/NetBeans 7.2.app/Contents/Resources/NetBeans/java/modules/ext/hibernate/asm-attrs.jar:/Applications/NetBeans/NetBeans 7.2.app/Contents/Resources/NetBeans/java/modules/ext/hibernate/cglib-2.1.3.jar:/Applications/NetBeans/NetBeans 7.2.app/Contents/Resources/NetBeans/java/modules/ext/hibernate/commons-collections-2.1.1.jar:/Applications/NetBeans/NetBeans 7.2.app/Contents/Resources/NetBeans/ide/modules/org-apache-commons-logging.jar:/Applications/NetBeans/NetBeans 7.2.app/Contents/Resources/NetBeans/java/modules/ext/hibernate/dom4j-1.6.1.jar:/Applications/NetBeans/NetBeans 7.2.app/Contents/Resources/NetBeans/java/modules/ext/hibernate/ehcache-1.2.3.jar:/Applications/NetBeans/NetBeans 7.2.app/Contents/Resources/NetBeans/java/modules/ext/hibernate/jdbc2_0-stdext.jar:/Applications/NetBeans/NetBeans 7.2.app/Contents/Resources/NetBeans/java/modules/ext/hibernate/jta.jar:/Applications/NetBeans/NetBeans 7.2.app/Contents/Resources/NetBeans/java/modules/ext/hibernate/hibernate3.jar:/Applications/NetBeans/NetBeans 7.2.app/Contents/Resources/NetBeans/java/modules/ext/hibernate/hibernate-tools.jar:/Applications/NetBeans/NetBeans 7.2.app/Contents/Resources/NetBeans/java/modules/ext/hibernate/hibernate-annotations.jar:/Applications/NetBeans/NetBeans 7.2.app/Contents/Resources/NetBeans/java/modules/ext/hibernate/hibernate-commons-annotations.jar:/Applications/NetBeans/NetBeans 7.2.app/Contents/Resources/NetBeans/java/modules/ext/hibernate/hibernate-entitymanager.jar:/Applications/NetBeans/NetBeans 7.2.app/Contents/Resources/NetBeans/java/modules/ext/hibernate/javassist.jar:/Applications/NetBeans/NetBeans 7.2.app/Contents/Resources/NetBeans/java/modules/ext/hibernate/ejb3-persistence.jar" />
    <property name="libs.jaxws21.src" value="" />
    <property name="application.title" value="Cryptography" />
    <property name="do.archive" value="true" />
    <property name="libs.swing-app-framework.classpath" value="/Applications/NetBeans/NetBeans 7.2.app/Contents/Resources/NetBeans/java/modules/ext/appframework-1.0.3.jar:/Applications/NetBeans/NetBeans 7.2.app/Contents/Resources/NetBeans/java/modules/ext/swing-worker-1.1.jar" />
    <property name="netbeans.autoupdate.language" value="en" />
    <property name="libs.JFormDesigner-JGoodiesUIFlite.classpath" value="/Users/kevin.lawrence/Library/Application Support/NetBeans/7.2/redist/jgoodies-uif-lite.jar" />
    <property name="java.vendor" value="Oracle Corporation" />
    <property name="libs.javaee-api-6.0.javadoc" value="/Applications/NetBeans/NetBeans 7.2.app/Contents/Resources/NetBeans/enterprise/docs/javaee6-doc-api.zip" />
    <property name="sun.font.fontmanager" value="sun.font.CFontManager" />
    <property name="jar.index.metainf" value="false" />
    <property name="javac.debug" value="true" />
    <property name="javadoc.splitindex" value="true" />
    <property name="file.separator" value="/" />
    <property name="libs.junit_4.maven-pom" value="" />
    <property name="mkdist.disabled" value="false" />
    <property name="javac.test.processorpath" value=":build/classes:/Applications/NetBeans/NetBeans 7.2.app/Contents/Resources/NetBeans/platform/modules/ext/junit-4.10.jar" />
    <property name="netbeans.buildnumber" value="201207171143" />
    <property name="libs.JWSAntTasks.javadoc" value="" />
    <property name="build.generated.sources.dir" value="build/generated-sources" />
    <property name="libs.eclipselinkmodelgen.classpath" value="/Applications/NetBeans/NetBeans 7.2.app/Contents/Resources/NetBeans/java/modules/ext/eclipselink/org.eclipse.persistence.jpa.modelgen.processor-2.3.2.jar" />
    <property name="libs.Java-EE-GlassFish-v3.wscompile" value="" />
    <property name="sun.java.launcher" value="SUN_STANDARD" />
    <property name="libs.junit.classpath" value="/Applications/NetBeans/NetBeans 7.2.app/Contents/Resources/NetBeans/java/modules/ext/junit-3.8.2.jar" />
    <property name="libs.jaxb.javadoc" value="/Applications/NetBeans/NetBeans 7.2.app/Contents/Resources/NetBeans/ide/docs/jaxb-api-doc.zip" />
    <property name="libs.struts.classpath" value="/Applications/NetBeans/NetBeans 7.2.app/Contents/Resources/NetBeans/enterprise/modules/ext/struts/antlr-2.7.2.jar:/Applications/NetBeans/NetBeans 7.2.app/Contents/Resources/NetBeans/enterprise/modules/ext/struts/bsf-2.3.0.jar:/Applications/NetBeans/NetBeans 7.2.app/Contents/Resources/NetBeans/enterprise/modules/ext/struts/commons-beanutils-1.8.0.jar:/Applications/NetBeans/NetBeans 7.2.app/Contents/Resources/NetBeans/enterprise/modules/ext/struts/commons-chain-1.2.jar:/Applications/NetBeans/NetBeans 7.2.app/Contents/Resources/NetBeans/enterprise/modules/ext/struts/commons-digester-1.8.jar:/Applications/NetBeans/NetBeans 7.2.app/Contents/Resources/NetBeans/enterprise/modules/ext/struts/commons-fileupload-1.1.1.jar:/Applications/NetBeans/NetBeans 7.2.app/Contents/Resources/NetBeans/enterprise/modules/ext/struts/commons-io-1.1.jar:/Applications/NetBeans/NetBeans 7.2.app/Contents/Resources/NetBeans/enterprise/modules/ext/struts/commons-logging-1.0.4.jar:/Applications/NetBeans/NetBeans 7.2.app/Contents/Resources/NetBeans/enterprise/modules/ext/struts/commons-validator-1.3.1.jar:/Applications/NetBeans/NetBeans 7.2.app/Contents/Resources/NetBeans/enterprise/modules/ext/struts/jstl-1.0.2.jar:/Applications/NetBeans/NetBeans 7.2.app/Contents/Resources/NetBeans/enterprise/modules/ext/struts/oro-2.0.8.jar:/Applications/NetBeans/NetBeans 7.2.app/Contents/Resources/NetBeans/enterprise/modules/ext/struts/standard-1.0.6.jar:/Applications/NetBeans/NetBeans 7.2.app/Contents/Resources/NetBeans/enterprise/modules/ext/struts/struts-core-1.3.10.jar:/Applications/NetBeans/NetBeans 7.2.app/Contents/Resources/NetBeans/enterprise/modules/ext/struts/struts-el-1.3.10.jar:/Applications/NetBeans/NetBeans 7.2.app/Contents/Resources/NetBeans/enterprise/modules/ext/struts/struts-extras-1.3.10.jar:/Applications/NetBeans/NetBeans 7.2.app/Contents/Resources/NetBeans/enterprise/modules/ext/struts/struts-faces-1.3.10.jar:/Applications/NetBeans/NetBeans 7.2.app/Contents/Resources/NetBeans/enterprise/modules/ext/struts/struts-mailreader-dao-1.3.10.jar:/Applications/NetBeans/NetBeans 7.2.app/Contents/Resources/NetBeans/enterprise/modules/ext/struts/struts-scripting-1.3.10.jar:/Applications/NetBeans/NetBeans 7.2.app/Contents/Resources/NetBeans/enterprise/modules/ext/struts/struts-taglib-1.3.10.jar:/Applications/NetBeans/NetBeans 7.2.app/Contents/Resources/NetBeans/enterprise/modules/ext/struts/struts-tiles-1.3.10.jar" />
    <property name="ant.home" value="/Applications/NetBeans/NetBeans 7.2.app/Contents/Resources/NetBeans/java/ant" />
    <property name="libs.junit_4.src" value="/Applications/NetBeans/NetBeans 7.2.app/Contents/Resources/NetBeans/java/docs/junit-4.10-sources.jar" />
    <property name="libs.testng.classpath" value="/Applications/NetBeans/NetBeans 7.2.app/Contents/Resources/NetBeans/platform/modules/ext/testng-6.5.1-dist.jar" />
    <property name="libs.absolutelayout.maven-pom" value="" />
    <property name="ant.java.version" value="1.7" />
    <property name="java.library.path" value="/Users/kevin.lawrence/Library/Java/Extensions:/Library/Java/Extensions:/Network/Library/Java/Extensions:/System/Library/Java/Extensions:/usr/lib/java:." />
    <property name="javadoc.author" value="false" />
    <property name="libs.metro.maven-pom" value="" />
    <property name="manifest.available+main.class-mkdist.available" value="true" />
    <property name="libs.EclipseLink-GlassFish-v3.src" value="" />
    <property name="java.util.logging.config.class" value="org.netbeans.core.startup.TopLogging" />
    <property name="libs.PostgreSQLDriver.src" value="" />
    <property name="libs.JFormDesigner-IntelliJIDEAGridLayout.classpath" value="/Users/kevin.lawrence/Library/Application Support/NetBeans/7.2/redist/intellij_forms_rt.jar" />
    <property name="libs.JFormDesigner-TableLayout.src" value="/Users/kevin.lawrence/Library/Application Support/NetBeans/7.2/redist/TableLayout-src.jar" />
    <property name="sun.arch.data.model" value="64" />
    <property name="basedir" value="/Users/kevin.lawrence/Documents/Source/Cryptography" />
    <property name="libs.jpa20-persistence.maven-pom" value="" />
    <property name="libs.JFormDesigner-Loader.javadoc" value="/Users/kevin.lawrence/Library/Application Support/NetBeans/7.2/redist/jfd-loader-javadoc.zip" />
    <property name="jar.compress" value="false" />
    <property name="libs.jstl11.classpath" value="/Applications/NetBeans/NetBeans 7.2.app/Contents/Resources/NetBeans/enterprise/modules/ext/standard.jar:/Applications/NetBeans/NetBeans 7.2.app/Contents/Resources/NetBeans/enterprise/modules/ext/jstl.jar" />
    <property name="path.separator" value=":" />
    <property name="libs.javaee-web-api-6.0.javadoc" value="/Applications/NetBeans/NetBeans 7.2.app/Contents/Resources/NetBeans/enterprise/docs/javaee6-doc-api.zip" />
    <property name="libs.JFormDesigner-Annotations.classpath" value="/Users/kevin.lawrence/Library/Application Support/NetBeans/7.2/redist/jfd-annotations.jar" />
    <property name="ant.junit.enabletestlistenerevents" value="true" />
    <property name="sun.io.unicode.encoding" value="UnicodeBig" />
    <property name="libs.jaxws21.classpath" value="/Applications/NetBeans/NetBeans 7.2.app/Contents/Resources/NetBeans/ide/modules/ext/jaxb/jaxb-impl.jar:/Applications/NetBeans/NetBeans 7.2.app/Contents/Resources/NetBeans/ide/modules/ext/jaxb/jaxb-xjc.jar:/Applications/NetBeans/NetBeans 7.2.app/Contents/Resources/NetBeans/java/modules/ext/jaxws22/FastInfoset.jar:/Applications/NetBeans/NetBeans 7.2.app/Contents/Resources/NetBeans/java/modules/ext/jaxws22/gmbal-api-only.jar:/Applications/NetBeans/NetBeans 7.2.app/Contents/Resources/NetBeans/java/modules/ext/jaxws22/ha-api.jar:/Applications/NetBeans/NetBeans 7.2.app/Contents/Resources/NetBeans/java/modules/ext/jaxws22/javax.mail_1.4.jar:/Applications/NetBeans/NetBeans 7.2.app/Contents/Resources/NetBeans/java/modules/ext/jaxws22/jaxws-rt.jar:/Applications/NetBeans/NetBeans 7.2.app/Contents/Resources/NetBeans/java/modules/ext/jaxws22/jaxws-tools.jar:/Applications/NetBeans/NetBeans 7.2.app/Contents/Resources/NetBeans/java/modules/ext/jaxws22/management-api.jar:/Applications/NetBeans/NetBeans 7.2.app/Contents/Resources/NetBeans/java/modules/ext/jaxws22/mimepull.jar:/Applications/NetBeans/NetBeans 7.2.app/Contents/Resources/NetBeans/java/modules/ext/jaxws22/policy.jar:/Applications/NetBeans/NetBeans 7.2.app/Contents/Resources/NetBeans/java/modules/ext/jaxws22/saaj-impl.jar:/Applications/NetBeans/NetBeans 7.2.app/Contents/Resources/NetBeans/java/modules/ext/jaxws22/stax-ex.jar:/Applications/NetBeans/NetBeans 7.2.app/Contents/Resources/NetBeans/java/modules/ext/jaxws22/stax2-api.jar:/Applications/NetBeans/NetBeans 7.2.app/Contents/Resources/NetBeans/java/modules/ext/jaxws22/streambuffer.jar:/Applications/NetBeans/NetBeans 7.2.app/Contents/Resources/NetBeans/java/modules/ext/jaxws22/woodstox-core-asl.jar:/Applications/NetBeans/NetBeans 7.2.app/Contents/Resources/NetBeans/java/modules/ext/jaxws22/api/jaxws-api.jar:/Applications/NetBeans/NetBeans 7.2.app/Contents/Resources/NetBeans/java/modules/ext/jaxws22/api/jsr181-api.jar:/Applications/NetBeans/NetBeans 7.2.app/Contents/Resources/NetBeans/java/modules/ext/jaxws22/api/javax.annotation.jar:/Applications/NetBeans/NetBeans 7.2.app/Contents/Resources/NetBeans/java/modules/ext/jaxws22/api/saaj-api.jar:/Applications/NetBeans/NetBeans 7.2.app/Contents/Resources/NetBeans/ide/modules/ext/jaxb/activation.jar:/Applications/NetBeans/NetBeans 7.2.app/Contents/Resources/NetBeans/ide/modules/ext/jaxb/api/jaxb-api.jar:/Applications/NetBeans/NetBeans 7.2.app/Contents/Resources/NetBeans/ide/modules/ext/jaxb/api/jsr173_1.0_api.jar" />
    <property name="libs.struts.src" value="" />
    <property name="compile.on.save" value="true" />
    <property name="apple.awt.graphics.UseQuartz" value="true" />
    <property name="user.language" value="en" />
    <property name="libs.JFormDesigner-Loader.classpath" value="/Users/kevin.lawrence/Library/Application Support/NetBeans/7.2/redist/jfd-loader.jar" />
    <property name="testng.mode" value="testng" />
    <property name="libs.JAXB-ENDORSED.maven-pom" value="" />
    <property name="libs.spring-framework.classpath" value="/Applications/NetBeans/NetBeans 7.2.app/Contents/Resources/NetBeans/ide/modules/org-apache-commons-logging.jar:/Applications/NetBeans/NetBeans 7.2.app/Contents/Resources/NetBeans/java/modules/ext/cglib-2.2.jar:/Applications/NetBeans/NetBeans 7.2.app/Contents/Resources/NetBeans/java/modules/ext/spring/spring-2.5.6.SEC03.jar" />
    <property name="libs.eclipselink.maven-pom" value="" />
    <property name="application.vendor" value="kevin.lawrence" />
    <property name="test.binaryincludes" value="&lt;nothing&gt;" />
    <property name="libs.primefaces.javadoc" value="" />
    <property name="libs.spring-framework300.maven-pom" value="" />
    <property name="run.test.classpath" value=":build/classes:/Applications/NetBeans/NetBeans 7.2.app/Contents/Resources/NetBeans/platform/modules/ext/junit-4.10.jar:build/test/classes" />
    <property name="libs.JFormDesigner-IntelliJIDEAGridLayout.javadoc" value="" />
    <property name="ant.project.invoked-targets" value="test" />
    <property name="test.binaryexcludes" value="" />
    <property name="libs.swing-layout.javadoc" value="/Applications/NetBeans/NetBeans 7.2.app/Contents/Resources/NetBeans/platform/docs/swing-layout-1.0.4-doc.zip" />
    <property name="libs.swing-app-framework.javadoc" value="/Applications/NetBeans/NetBeans 7.2.app/Contents/Resources/NetBeans/java/docs/appframework-1.0.3-doc.zip" />
    <property name="libs.ejb3-persistence.maven-pom" value="" />
    <property name="gopherProxySet" value="false" />
    <property name="libs.PostgreSQLDriver.maven-pom" value="" />
    <property name="java.class.version" value="51.0" />
    <property name="libs.JAVADB_DRIVER_LABEL.classpath" value="/Applications/NetBeans/glassfish-3.1.2.2/javadb/lib/derby.jar:/Applications/NetBeans/glassfish-3.1.2.2/javadb/lib/derbyclient.jar:/Applications/NetBeans/glassfish-3.1.2.2/javadb/lib/derbynet.jar" />
    <property name="libs.javaee-endorsed-api-6.0.src" value="" />
    <property name="netbeans.system_http_proxy" value="DIRECT" />
    <property name="libs.eclipselink.javadoc" value="" />
    <property name="libs.jsp-compilation.maven-pom" value="" />
    <property name="user.properties.file" value="/Users/kevin.lawrence/Library/Application Support/NetBeans/7.2/build.properties" />
    <property name="runtime.encoding" value="UTF-8" />
    <property name="libs.spring-framework.src" value="" />
    <property name="libs.javac-api.maven-pom" value="" />
    <property name="file.encoding.pkg" value="sun.io" />
    <property name="sun.cpu.endian" value="little" />
    <property name="libs.JAXB-ENDORSED.javadoc" value="" />
    <property name="libs.JWSAntTasks.classpath" value="/Applications/NetBeans/NetBeans 7.2.app/Contents/Resources/NetBeans/java/ant/extra/org-netbeans-modules-javawebstart-anttasks.jar" />
    <property name="jformdesigner.version" value="5.1.1.0.120" />
    <property name="libs.spring-framework300.src" value="" />
    <property name="empty.dir" value="/Users/kevin.lawrence/Documents/Source/Cryptography/build/empty" />
    <property name="version-output" value="java version &quot;1.7" />
    <property name="test.binarytestincludes" value="" />
    <property name="javadoc.preview" value="true" />
    <property name="socksNonProxyHosts" value="local|*.local|169.254/16|*.169.254/16" />
    <property name="libs.jpa20-persistence.javadoc" value="" />
    <property name="java.home" value="/Library/Java/JavaVirtualMachines/jdk1.7.0_06.jdk/Contents/Home/jre" />
    <property name="libs.jsp-compilation.src" value="" />
    <property name="libs.spring-webmvc.src" value="" />
    <property name="debug.test.classpath" value=":build/classes:/Applications/NetBeans/NetBeans 7.2.app/Contents/Resources/NetBeans/platform/modules/ext/junit-4.10.jar:build/test/classes" />
    <property name="libs.javaee-endorsed-api-6.0.classpath" value="/Applications/NetBeans/NetBeans 7.2.app/Contents/Resources/NetBeans/enterprise/modules/ext/javaee6-endorsed/javax.annotation.jar:/Applications/NetBeans/NetBeans 7.2.app/Contents/Resources/NetBeans/enterprise/modules/ext/javaee6-endorsed/jaxb-api-osgi.jar:/Applications/NetBeans/NetBeans 7.2.app/Contents/Resources/NetBeans/enterprise/modules/ext/javaee6-endorsed/webservices-api-osgi.jar" />
    <property name="libs.javaee-api-6.0.src" value="" />
    <property name="netbeans.importclass" value="org.netbeans.upgrade.AutoUpgrade" />
    <property name="ant.project.default-target" value="default" />
    <property name="annotation.processing.run.all.processors" value="true" />
    <property name="jar.archive.disabled" value="false" />
    <property name="jnlp.signing.alias" value="" />
    <property name="libs.PostgreSQLDriver.javadoc" value="" />
    <property name="libs.restlib.classpath" value="/Applications/NetBeans/NetBeans 7.2.app/Contents/Resources/NetBeans/enterprise/modules/ext/rest/asm-3.1.jar:/Applications/NetBeans/NetBeans 7.2.app/Contents/Resources/NetBeans/enterprise/modules/ext/rest/jackson-core-asl-1.7.1.jar:/Applications/NetBeans/NetBeans 7.2.app/Contents/Resources/NetBeans/enterprise/modules/ext/rest/jackson-jaxrs-1.7.1.jar:/Applications/NetBeans/NetBeans 7.2.app/Contents/Resources/NetBeans/enterprise/modules/ext/rest/jackson-mapper-asl-1.7.1.jar:/Applications/NetBeans/NetBeans 7.2.app/Contents/Resources/NetBeans/enterprise/modules/ext/rest/jackson-xc-1.7.1.jar:/Applications/NetBeans/NetBeans 7.2.app/Contents/Resources/NetBeans/enterprise/modules/ext/rest/jersey-apache-client-1.8.jar:/Applications/NetBeans/NetBeans 7.2.app/Contents/Resources/NetBeans/enterprise/modules/ext/rest/jersey-atom-abdera-1.8.jar:/Applications/NetBeans/NetBeans 7.2.app/Contents/Resources/NetBeans/enterprise/modules/ext/rest/jersey-client-1.8.jar:/Applications/NetBeans/NetBeans 7.2.app/Contents/Resources/NetBeans/enterprise/modules/ext/rest/jersey-core-1.8.jar:/Applications/NetBeans/NetBeans 7.2.app/Contents/Resources/NetBeans/enterprise/modules/ext/rest/jersey-guice-1.8.jar:/Applications/NetBeans/NetBeans 7.2.app/Contents/Resources/NetBeans/enterprise/modules/ext/rest/jersey-json-1.8.jar:/Applications/NetBeans/NetBeans 7.2.app/Contents/Resources/NetBeans/enterprise/modules/ext/rest/jersey-multipart-1.8.jar:/Applications/NetBeans/NetBeans 7.2.app/Contents/Resources/NetBeans/enterprise/modules/ext/rest/jersey-server-1.8.jar:/Applications/NetBeans/NetBeans 7.2.app/Contents/Resources/NetBeans/enterprise/modules/ext/rest/jersey-simple-server-1.8.jar:/Applications/NetBeans/NetBeans 7.2.app/Contents/Resources/NetBeans/enterprise/modules/ext/rest/jersey-spring-1.8.jar:/Applications/NetBeans/NetBeans 7.2.app/Contents/Resources/NetBeans/enterprise/modules/ext/rest/jettison-1.1.jar:/Applications/NetBeans/NetBeans 7.2.app/Contents/Resources/NetBeans/enterprise/modules/ext/rest/oauth-client-1.8.jar:/Applications/NetBeans/NetBeans 7.2.app/Contents/Resources/NetBeans/enterprise/modules/ext/rest/oauth-server-1.8.jar:/Applications/NetBeans/NetBeans 7.2.app/Contents/Resources/NetBeans/enterprise/modules/ext/rest/oauth-signature-1.8.jar:/Applications/NetBeans/NetBeans 7.2.app/Contents/Resources/NetBeans/ide/modules/ext/jaxb/activation.jar:/Applications/NetBeans/NetBeans 7.2.app/Contents/Resources/NetBeans/ide/modules/ext/jaxb/api/jaxb-api.jar:/Applications/NetBeans/NetBeans 7.2.app/Contents/Resources/NetBeans/ide/modules/ext/jaxb/api/jsr173_1.0_api.jar" />
    <property name="libs.MySQLDriver.maven-pom" value="" />
    <property name="http.nonProxyHosts" value="local|*.local|169.254/16|*.169.254/16" />
    <property name="libs.junit_4.javadoc" value="/Applications/NetBeans/NetBeans 7.2.app/Contents/Resources/NetBeans/java/docs/junit-4.10-javadoc.jar" />
    <property name="libs.spring-webmvc.javadoc" value="" />
    <property name="libs.EclipseLink-GlassFish-v3.maven-pom" value="" />
    <property name="libs.javaee-web-api-6.0.maven-pom" value="" />
    <property name="run.classpath" value=":build/classes" />
    <property name="libs.hibernate-support.src" value="" />
    <property name="jna.boot.library.name" value="jnidispatch-340" />
    <property name="libs.javaee-endorsed-api-6.0.javadoc" value="/Applications/NetBeans/NetBeans 7.2.app/Contents/Resources/NetBeans/enterprise/docs/javaee6-doc-api.zip" />
    <property name="libs.JFormDesigner-TableLayout.classpath" value="/Users/kevin.lawrence/Library/Application Support/NetBeans/7.2/redist/TableLayout.jar" />
    <property name="sun.awt.datatransfer.timeout" value="1000" />
    <property name="libs.spring-webmvc3.0.javadoc" value="" />
    <property name="annotation.processing.enabled.in.editor" value="false" />
    <property name="libs.JFormDesigner-Annotations.src" value="" />
    <property name="libs.restapi.src" value="" />
    <property name="sun.management.compiler" value="HotSpot 64-Bit Tiered Compilers" />
    <property name="javac.deprecation" value="false" />
    <property name="javadoc.use" value="true" />
    <property name="sun.java2d.noddraw" value="true" />
    <property name="libs.jsp-compiler.classpath" value="/Applications/NetBeans/NetBeans 7.2.app/Contents/Resources/NetBeans/enterprise/ant/extra/jspcompile.jar" />
    <property name="javac.processorpath" value="" />
    <property name="libs.spring-webmvc.classpath" value="/Applications/NetBeans/NetBeans 7.2.app/Contents/Resources/NetBeans/enterprise/modules/ext/spring/spring-webmvc-2.5.6.SEC03.jar" />
    <property name="javac.compilerargs" value="" />
    <property name="svnkit.http.methods" value="Basic" />
    <property name="ant.file" value="/Users/kevin.lawrence/Documents/Source/Cryptography/build.xml" />
    <property name="libs.beans-binding.maven-pom" value="" />
    <property name="jnlp.codebase.type" value="no.codebase" />
    <property name="libs.jsf12.classpath" value="/Applications/NetBeans/NetBeans 7.2.app/Contents/Resources/NetBeans/enterprise/modules/ext/jsf-1_2/commons-beanutils.jar:/Applications/NetBeans/NetBeans 7.2.app/Contents/Resources/NetBeans/enterprise/modules/ext/jsf-1_2/commons-collections.jar:/Applications/NetBeans/NetBeans 7.2.app/Contents/Resources/NetBeans/enterprise/modules/ext/jsf-1_2/commons-digester.jar:/Applications/NetBeans/NetBeans 7.2.app/Contents/Resources/NetBeans/enterprise/modules/ext/jsf-1_2/commons-logging.jar:/Applications/NetBeans/NetBeans 7.2.app/Contents/Resources/NetBeans/enterprise/modules/ext/jsf-1_2/jsf-api.jar:/Applications/NetBeans/NetBeans 7.2.app/Contents/Resources/NetBeans/enterprise/modules/ext/jsf-1_2/jsf-impl.jar" />
    <property name="libs.restapi.maven-pom" value="" />
    <property name="ant.file.Cryptography" value="/Users/kevin.lawrence/Documents/Source/Cryptography/build.xml" />
    <property name="libs.beans-binding.src" value="" />
    <property name="java.vm.specification.vendor" value="Oracle Corporation" />
    <property name="libs.swing-layout.src" value="/Applications/NetBeans/NetBeans 7.2.app/Contents/Resources/NetBeans/platform/docs/swing-layout-1.0.4-src.zip" />
    <property name="libs.Java-EE-GlassFish-v3.embedabbleejb" value="" />
    <property name="org.openide.major.version" value="IDE/1" />
    <property name="java.vm.name" value="Java HotSpot(TM) 64-Bit Server VM" />
    <property name="netbeans.user" value="/Users/kevin.lawrence/Library/Application Support/NetBeans/7.2" />
    <property name="tests.failed" value="true" />
    <property name="javadoc.additionalparam" value="" />
    <property name="jnlp.offline-allowed" value="false" />
    <property name="java.io.tmpdir" value="/var/folders/42/mxjnwgmx7vxfrdkp6hhkxvshh_lp6q/T/" />
    <property name="java.vendor.url" value="http://java.oracle.com/" />
    <property name="endorsed.classpath.cmd.line.arg" value="" />
    <property name="junit.available" value="true" />
    <property name="libs.jsp-compiler.src" value="" />
    <property name="libs.JFormDesigner-Loader.src" value="/Users/kevin.lawrence/Library/Application Support/NetBeans/7.2/redist/jfd-loader-src.zip" />
    <property name="org.openide.awt.ActionReference.completion" value="org.netbeans.modules.apisupport.project.layers.PathCompletions" />
    <property name="sun.boot.library.path" value="/Library/Java/JavaVirtualMachines/jdk1.7.0_06.jdk/Contents/Home/jre/lib" />
    <property name="have.sources" value="true" />
    <property name="debug.classpath" value=":build/classes" />
    <property name="javadoc.private" value="false" />
    <property name="test.src.dir" value="test" />
    <property name="libs.jsf20.classpath" value="/Applications/NetBeans/NetBeans 7.2.app/Contents/Resources/NetBeans/enterprise/modules/ext/jsf-2_1/jsf-api.jar:/Applications/NetBeans/NetBeans 7.2.app/Contents/Resources/NetBeans/enterprise/modules/ext/jsf-2_1/jsf-impl.jar" />
    <property name="meta.inf.dir" value="src/META-INF" />
    <property name="javadoc.encoding.used" value="UTF-8" />
    <property name="dist.jar" value="dist/Cryptography.jar" />
    <property name="java.runtime.name" value="Java(TM) SE Runtime Environment" />
    <property name="ant.project.name" value="Cryptography" />
    <property name="netbeans.hash.code" value="unique=NB_JAVA_WEBCOMMON_WEBEE_GFMOD078e7803b-44c6-48a8-a965-6730660028dc_eba10524-5cb8-4114-b8be-bef5f8d72bbd" />
    <property name="netbeans.default_userdir_root" value="/Users/kevin.lawrence/Library/Application Support/NetBeans" />
    <property name="libs.jsp-compilation-syscp.maven-pom" value="" />
    <property name="manifest.available-mkdist.available" value="true" />
    <property name="sun.cpu.isalist" value="" />
    <property name="libs.CopyLibs.javadoc" value="" />
    <property name="org.openide.specification.version" value="6.2" />
    <property name="libs.hibernate-support.classpath" value="/Applications/NetBeans/NetBeans 7.2.app/Contents/Resources/NetBeans/java/modules/ext/hibernate/antlr-2.7.6.jar:/Applications/NetBeans/NetBeans 7.2.app/Contents/Resources/NetBeans/java/modules/ext/hibernate/asm.jar:/Applications/NetBeans/NetBeans 7.2.app/Contents/Resources/NetBeans/java/modules/ext/hibernate/asm-attrs.jar:/Applications/NetBeans/NetBeans 7.2.app/Contents/Resources/NetBeans/java/modules/ext/hibernate/cglib-2.1.3.jar:/Applications/NetBeans/NetBeans 7.2.app/Contents/Resources/NetBeans/java/modules/ext/hibernate/commons-collections-2.1.1.jar:/Applications/NetBeans/NetBeans 7.2.app/Contents/Resources/NetBeans/ide/modules/org-apache-commons-logging.jar:/Applications/NetBeans/NetBeans 7.2.app/Contents/Resources/NetBeans/java/modules/ext/hibernate/dom4j-1.6.1.jar:/Applications/NetBeans/NetBeans 7.2.app/Contents/Resources/NetBeans/java/modules/ext/hibernate/ehcache-1.2.3.jar:/Applications/NetBeans/NetBeans 7.2.app/Contents/Resources/NetBeans/java/modules/ext/hibernate/jdbc2_0-stdext.jar:/Applications/NetBeans/NetBeans 7.2.app/Contents/Resources/NetBeans/java/modules/ext/hibernate/jta.jar:/Applications/NetBeans/NetBeans 7.2.app/Contents/Resources/NetBeans/java/modules/ext/hibernate/hibernate3.jar:/Applications/NetBeans/NetBeans 7.2.app/Contents/Resources/NetBeans/java/modules/ext/hibernate/hibernate-tools.jar:/Applications/NetBeans/NetBeans 7.2.app/Contents/Resources/NetBeans/java/modules/ext/hibernate/hibernate-annotations.jar:/Applications/NetBeans/NetBeans 7.2.app/Contents/Resources/NetBeans/java/modules/ext/hibernate/hibernate-commons-annotations.jar:/Applications/NetBeans/NetBeans 7.2.app/Contents/Resources/NetBeans/java/modules/ext/hibernate/hibernate-entitymanager.jar:/Applications/NetBeans/NetBeans 7.2.app/Contents/Resources/NetBeans/java/modules/ext/hibernate/javassist.jar" />
    <property name="user.home" value="/Users/kevin.lawrence" />
    <property name="annotation.processing.processors.list" value="" />
    <property name="libs.primefaces.maven-pom" value="" />
    <property name="debug-args-line" value="-Xdebug" />
    <property name="libs.javaee-api-6.0.maven-pom" value="" />
    <property name="libs.JWSAntTasks.src" value="" />
    <property name="jar.index" value="false" />
    <property name="libs.CopyLibs.maven-pom" value="" />
    <property name="libs.spring-framework300.javadoc" value="" />
    <property name="libs.hibernate-persistence.maven-pom" value="" />
    <property name="libs.absolutelayout.javadoc" value="" />
    <property name="java.specification.name" value="Java Platform API Specification" />
    <property name="libs.swing-app-framework.maven-pom" value="" />
    <property name="libs.JFormDesigner-JGoodiesUIFlite.maven-pom" value="" />
    <property name="jnlp.mixed.code" value="default" />
    <property name="java.specification.vendor" value="Oracle Corporation" />
    <property name="libs.javac-api.classpath" value="/Applications/NetBeans/NetBeans 7.2.app/Contents/Resources/NetBeans/java/modules/ext/nb-javac-api.jar" />
    <property name="java.version" value="1.7.0_06" />
    <property name="run.jvmargs.ide" value="" />
    <property name="javadoc.version" value="false" />
    <property name="libs.MySQLDriver.javadoc" value="" />
    <property name="org.openide.version" value="deprecated" />
    <property name="source.encoding" value="UTF-8" />
    <property name="ap.cmd.line.internal" value="" />
    <property name="libs.eclipselinkmodelgen.maven-pom" value="" />
    <property name="libs.jsp-compilation-syscp.javadoc" value="" />
    <property name="libs.junit.maven-pom" value="" />
    <property name="libs.eclipselinkmodelgen.javadoc" value="" />
    <property name="libs.metro.javadoc" value="/Applications/NetBeans/NetBeans 7.2.app/Contents/Resources/NetBeans/enterprise/docs/metro-1.4-doc.zip" />
    <property name="libs.struts.maven-pom" value="" />
    <property name="netbeans.home+have.tests" value="true" />
    <property name="annotation.processing.processor.options" value="" />
    <property name="libs.testng.maven-pom" value="" />
    <property name="libs.JFormDesigner-FormLayout.src" value="/Users/kevin.lawrence/Library/Application Support/NetBeans/7.2/redist/jgoodies-forms-src.zip:/Users/kevin.lawrence/Library/Application Support/NetBeans/7.2/redist/jgoodies-common-src.zip" />
    <property name="libs.jaxb.src" value="" />
    <property name="libs.Java-EE-GlassFish-v3.wsgenerate" value="" />
    <property name="work.dir" value="/Users/kevin.lawrence/Documents/Source/Cryptography" />
    <property name="libs.jaxb.classpath" value="/Applications/NetBeans/NetBeans 7.2.app/Contents/Resources/NetBeans/ide/modules/ext/jaxb/jaxb-impl.jar:/Applications/NetBeans/NetBeans 7.2.app/Contents/Resources/NetBeans/ide/modules/ext/jaxb/jaxb-xjc.jar:/Applications/NetBeans/NetBeans 7.2.app/Contents/Resources/NetBeans/ide/modules/ext/jaxb/jaxb1-impl.jar:/Applications/NetBeans/NetBeans 7.2.app/Contents/Resources/NetBeans/ide/modules/ext/jaxb/activation.jar:/Applications/NetBeans/NetBeans 7.2.app/Contents/Resources/NetBeans/ide/modules/ext/jaxb/api/jaxb-api.jar:/Applications/NetBeans/NetBeans 7.2.app/Contents/Resources/NetBeans/ide/modules/ext/jaxb/api/jsr173_1.0_api.jar" />
    <property name="libs.JFormDesigner-IntelliJIDEAGridLayout.maven-pom" value="" />
    <property name="do.depend" value="false" />
    <property name="dist.javadoc.dir" value="dist/javadoc" />
    <property name="libs.swing-layout.classpath" value="/Applications/NetBeans/NetBeans 7.2.app/Contents/Resources/NetBeans/platform/modules/ext/swing-layout-1.0.4.jar" />
    <property name="libs.spring-webmvc3.0.classpath" value="/Applications/NetBeans/NetBeans 7.2.app/Contents/Resources/NetBeans/java/modules/ext/spring-3.0/spring-webmvc-3.1.1.RELEASE.jar" />
    <property name="libs.restlib.src" value="" />
    <property name="javac.source" value="1.5" />
    <property name="build.generated.dir" value="build/generated" />
    <property name="libs.JFormDesigner-Annotations.maven-pom" value="" />
    <property name="line.separator" value="&#xa;" />
    <property name="libs.hibernate-persistence.src" value="" />
    <property name="java.specification.version" value="1.7" />
    <property name="libs.jaxws21.maven-pom" value="" />
    <property name="java.vm.info" value="mixed mode" />
    <property name="nb.junit.batch" value="true" />
    <property name="junit.forkmode" value="perTest" />
    <property name="libs.JFormDesigner-Annotations.javadoc" value="/Users/kevin.lawrence/Library/Application Support/NetBeans/7.2/redist/jfd-annotations-javadoc.zip" />
    <property name="user.country.format" value="CA" />
    <property name="libs.JFormDesigner-Loader.maven-pom" value="" />
    <property name="libs.spring-framework.maven-pom" value="" />
    <property name="sun.boot.class.path" value="/Library/Java/JavaVirtualMachines/jdk1.7.0_06.jdk/Contents/Home/jre/lib/resources.jar:/Library/Java/JavaVirtualMachines/jdk1.7.0_06.jdk/Contents/Home/jre/lib/rt.jar:/Library/Java/JavaVirtualMachines/jdk1.7.0_06.jdk/Contents/Home/jre/lib/sunrsasign.jar:/Library/Java/JavaVirtualMachines/jdk1.7.0_06.jdk/Contents/Home/jre/lib/jsse.jar:/Library/Java/JavaVirtualMachines/jdk1.7.0_06.jdk/Contents/Home/jre/lib/jce.jar:/Library/Java/JavaVirtualMachines/jdk1.7.0_06.jdk/Contents/Home/jre/lib/charsets.jar:/Library/Java/JavaVirtualMachines/jdk1.7.0_06.jdk/Contents/Home/jre/lib/jfr.jar:/Library/Java/JavaVirtualMachines/jdk1.7.0_06.jdk/Contents/Home/jre/lib/JObjC.jar:/Library/Java/JavaVirtualMachines/jdk1.7.0_06.jdk/Contents/Home/jre/classes" />
    <property name="javac.target" value="1.5" />
    <property name="built-jar.properties" value="/Users/kevin.lawrence/Documents/Source/Cryptography/build/built-jar.properties" />
    <property name="build.test.classes.dir" value="build/test/classes" />
    <property name="src.dir" value="src" />
    <property name="annotation.processing.enabled" value="true" />
    <property name="libs.jsf20.src" value="" />
    <property name="libs.jpa20-persistence.src" value="" />
    <property name="libs.jsf12.src" value="" />
    <property name="libs.JAVADB_DRIVER_LABEL.maven-pom" value="" />
    <property name="libs.struts.javadoc" value="/Applications/NetBeans/NetBeans 7.2.app/Contents/Resources/NetBeans/enterprise/docs/struts-1.3.10-javadoc.zip" />
    <property name="ignore.failing.tests" value="true" />
    <property name="libs.JFormDesigner-JGoodiesUIFlite.javadoc" value="/Users/kevin.lawrence/Library/Application Support/NetBeans/7.2/redist/jgoodies-uif-lite-javadoc.zip" />
    <property name="libs.Comet-GlassFish-v3.classpath" value="/Applications/NetBeans/glassfish-3.1.2.2/glassfish/modules/grizzly-comet.jar" />
    <property name="libs.primefaces.src" value="" />
    <property name="dist.dir" value="dist" />
    <property name="ant.file.type.Cryptography" value="file" />
    <property name="testng.debug.mode" value="" />
    <property name="javac.fork" value="false" />
    <property name="java.awt.printerjob" value="sun.lwawt.macosx.CPrinterJob" />
    <property name="default.javac.source" value="1.7" />
    <property name="libs.JFormDesigner-FormLayout.maven-pom" value="" />
    <property name="debug-transport-by-os" value="dt_socket" />
    <property name="libs.MySQLDriver.src" value="" />
    <property name="sun.jnu.encoding" value="US-ASCII" />
    <property name="build.test.results.dir" value="build/test/results" />
    <property name="java.runtime.version" value="1.7.0_06-b24" />
    <property name="libs.ejb3-persistence.javadoc" value="" />
    <property name="jna.platform.library.path" value="/usr/lib:/usr/lib" />
    <property name="default.javac.target" value="1.7" />
    <property name="libs.Java-EE-GlassFish-v3.src" value="" />
    <property name="libs.junit_4.classpath" value="/Applications/NetBeans/NetBeans 7.2.app/Contents/Resources/NetBeans/platform/modules/ext/junit-4.10.jar" />
    <property name="user.timezone" value="" />
    <property name="nb.junit.single" value="false" />
    <property name="do.jar" value="true" />
    <property name="libs.javaee-endorsed-api-6.0.maven-pom" value="" />
    <property name="libs.JAVADB_DRIVER_LABEL.javadoc" value="" />
    <property name="netbeans.dirs" value="/Applications/NetBeans/NetBeans 7.2.app/Contents/Resources/NetBeans/nb:/Applications/NetBeans/NetBeans 7.2.app/Contents/Resources/NetBeans/ergonomics:/Applications/NetBeans/NetBeans 7.2.app/Contents/Resources/NetBeans/ide:/Applications/NetBeans/NetBeans 7.2.app/Contents/Resources/NetBeans/java:/Applications/NetBeans/NetBeans 7.2.app/Contents/Resources/NetBeans/apisupport:/Applications/NetBeans/NetBeans 7.2.app/Contents/Resources/NetBeans/webcommon:/Applications/NetBeans/NetBeans 7.2.app/Contents/Resources/NetBeans/websvccommon:/Applications/NetBeans/NetBeans 7.2.app/Contents/Resources/NetBeans/enterprise:/Applications/NetBeans/NetBeans 7.2.app/Contents/Resources/NetBeans/mobility:/Applications/NetBeans/NetBeans 7.2.app/Contents/Resources/NetBeans/profiler:/Applications/NetBeans/NetBeans 7.2.app/Contents/Resources/NetBeans/python:/Applications/NetBeans/NetBeans 7.2.app/Contents/Resources/NetBeans/php:/Applications/NetBeans/NetBeans 7.2.app/Contents/Resources/NetBeans/identity:/Applications/NetBeans/NetBeans 7.2.app/Contents/Resources/NetBeans/harness:/Applications/NetBeans/NetBeans 7.2.app/Contents/Resources/NetBeans/cnd:/Applications/NetBeans/NetBeans 7.2.app/Contents/Resources/NetBeans/dlight:/Applications/NetBeans/NetBeans 7.2.app/Contents/Resources/NetBeans/groovy:/Applications/NetBeans/NetBeans 7.2.app/Contents/Resources/NetBeans/extra:/Applications/NetBeans/NetBeans 7.2.app/Contents/Resources/NetBeans/javacard:/Applications/NetBeans/NetBeans 7.2.app/Contents/Resources/NetBeans/javafx:" />
    <property name="libs.jsf20.javadoc" value="/Applications/NetBeans/NetBeans 7.2.app/Contents/Resources/NetBeans/enterprise/docs/javaee6-doc-api.zip" />
    <property name="java.ext.dirs" value="/Users/kevin.lawrence/Library/Java/Extensions:/Library/Java/JavaVirtualMachines/jdk1.7.0_06.jdk/Contents/Home/jre/lib/ext:/Library/Java/Extensions:/Network/Library/Java/Extensions:/System/Library/Java/Extensions:/usr/lib/java" />
    <property name="libs.metro.src" value="" />
    <property name="endorsed.classpath" value="" />
    <property name="libs.absolutelayout.classpath" value="/Applications/NetBeans/NetBeans 7.2.app/Contents/Resources/NetBeans/java/modules/ext/AbsoluteLayout.jar" />
    <property name="excludes" value="" />
    <property name="libs.metro.classpath" value="/Applications/NetBeans/NetBeans 7.2.app/Contents/Resources/NetBeans/ide/modules/ext/jaxb/activation.jar:/Applications/NetBeans/NetBeans 7.2.app/Contents/Resources/NetBeans/enterprise/modules/ext/metro/webservices-api.jar:/Applications/NetBeans/NetBeans 7.2.app/Contents/Resources/NetBeans/enterprise/modules/ext/metro/webservices-extra-api.jar:/Applications/NetBeans/NetBeans 7.2.app/Contents/Resources/NetBeans/enterprise/modules/ext/metro/webservices-extra.jar:/Applications/NetBeans/NetBeans 7.2.app/Contents/Resources/NetBeans/enterprise/modules/ext/metro/webservices-rt.jar:/Applications/NetBeans/NetBeans 7.2.app/Contents/Resources/NetBeans/enterprise/modules/ext/metro/webservices-tools.jar" />
    <property name="libs.restlib.maven-pom" value="" />
    <property name="ant.file.type.Cryptography-impl" value="file" />
    <property name="apple.laf.useScreenMenuBar" value="true" />
    <property name="java.class.path" value="/Users/kevin.lawrence/Documents/Source/Cryptography/build/classes:/Applications/NetBeans/NetBeans 7.2.app/Contents/Resources/NetBeans/platform/modules/ext/junit-4.10.jar:/Users/kevin.lawrence/Documents/Source/Cryptography/build/test/classes:/Applications/NetBeans/NetBeans 7.2.app/Contents/Resources/NetBeans/java/ant/lib/ant-launcher.jar:/Applications/NetBeans/NetBeans 7.2.app/Contents/Resources/NetBeans/java/ant/lib/ant.jar:/Applications/NetBeans/NetBeans 7.2.app/Contents/Resources/NetBeans/java/ant/lib/ant-junit.jar:/Applications/NetBeans/NetBeans 7.2.app/Contents/Resources/NetBeans/java/ant/lib/ant-junit4.jar" />
    <property name="do.mkdist" value="true" />
    <property name="libs.absolutelayout.src" value="" />
    <property name="libs.jpa20-persistence.classpath" value="/Applications/NetBeans/NetBeans 7.2.app/Contents/Resources/NetBeans/java/modules/ext/eclipselink/javax.persistence-2.0.3.jar" />
    <property name="os.version" value="10.7.5" />
    <property name="application.args" value="" />
    <property name="libs.EclipseLink-GlassFish-v3.javadoc" value="/Applications/NetBeans/NetBeans 7.2.app/Contents/Resources/NetBeans/enterprise/docs/javaee6-doc-api.zip" />
    <property name="sun.awt.enableExtraMouseButtons" value="true" />
    <property name="libs.JFormDesigner-IntelliJIDEAGridLayout.src" value="/Users/kevin.lawrence/Library/Application Support/NetBeans/7.2/redist/intellij_forms_rt_src.zip" />
    <property name="libs.Comet-GlassFish-v3.src" value="" />
    <property name="libs.restlib.javadoc" value="/Applications/NetBeans/NetBeans 7.2.app/Contents/Resources/NetBeans/enterprise/docs/jersey-1.8-javadoc.zip:/Applications/NetBeans/NetBeans 7.2.app/Contents/Resources/NetBeans/enterprise/docs/jersey-apache-client-1.8-javadoc.zip:/Applications/NetBeans/NetBeans 7.2.app/Contents/Resources/NetBeans/enterprise/docs/jersey-atom-abdera-1.8-javadoc.zip:/Applications/NetBeans/NetBeans 7.2.app/Contents/Resources/NetBeans/enterprise/docs/jersey-guice-1.8-javadoc.zip:/Applications/NetBeans/NetBeans 7.2.app/Contents/Resources/NetBeans/enterprise/docs/jersey-multipart-1.8-javadoc.zip:/Applications/NetBeans/NetBeans 7.2.app/Contents/Resources/NetBeans/enterprise/docs/jersey-simple-server-1.8-javadoc.zip:/Applications/NetBeans/NetBeans 7.2.app/Contents/Resources/NetBeans/enterprise/docs/jersey-spring-1.8-javadoc.zip:/Applications/NetBeans/NetBeans 7.2.app/Contents/Resources/NetBeans/enterprise/docs/oauth-client-1.8-javadoc.zip:/Applications/NetBeans/NetBeans 7.2.app/Contents/Resources/NetBeans/enterprise/docs/oauth-server-1.8-javadoc.zip:/Applications/NetBeans/NetBeans 7.2.app/Contents/Resources/NetBeans/enterprise/docs/oauth-signature-1.8-javadoc.zip" />
    <property name="libs.JAXB-ENDORSED.classpath" value="/Applications/NetBeans/NetBeans 7.2.app/Contents/Resources/NetBeans/ide/modules/ext/jaxb/api/jaxb-api.jar" />
    <property name="libs.JFormDesigner-TableLayout.javadoc" value="/Users/kevin.lawrence/Library/Application Support/NetBeans/7.2/redist/TableLayout-javadoc.jar" />
    <property name="libs.eclipselink.classpath" value="/Applications/NetBeans/NetBeans 7.2.app/Contents/Resources/NetBeans/java/modules/ext/eclipselink/eclipselink-2.3.2.jar:/Applications/NetBeans/NetBeans 7.2.app/Contents/Resources/NetBeans/java/modules/ext/eclipselink/javax.persistence-2.0.3.jar:/Applications/NetBeans/NetBeans 7.2.app/Contents/Resources/NetBeans/java/modules/ext/eclipselink/org.eclipse.persistence.jpa.jpql_1.0.1.jar" />
    <property name="libs.beans-binding.javadoc" value="/Applications/NetBeans/NetBeans 7.2.app/Contents/Resources/NetBeans/java/docs/beansbinding-1.2.1-doc.zip" />
    <property name="java.awt.graphicsenv" value="sun.awt.CGraphicsEnvironment" />
    <property name="libs.Java-EE-GlassFish-v3.classpath" value="/Applications/NetBeans/glassfish-3.1.2.2/glassfish/modules/jersey-core.jar:/Applications/NetBeans/glassfish-3.1.2.2/glassfish/modules/javax.servlet.jsp.jstl-api.jar:/Applications/NetBeans/glassfish-3.1.2.2/glassfish/modules/javax.security.jacc.jar:/Applications/NetBeans/glassfish-3.1.2.2/glassfish/modules/javax.resource.jar:/Applications/NetBeans/glassfish-3.1.2.2/glassfish/modules/javax.servlet-api.jar:/Applications/NetBeans/glassfish-3.1.2.2/glassfish/modules/javax.enterprise.deploy.jar:/Applications/NetBeans/glassfish-3.1.2.2/glassfish/modules/webservices-osgi.jar:/Applications/NetBeans/glassfish-3.1.2.2/glassfish/modules/javax.transaction.jar:/Applications/NetBeans/glassfish-3.1.2.2/glassfish/modules/javax.servlet.jsp.jstl.jar:/Applications/NetBeans/glassfish-3.1.2.2/glassfish/modules/jaxb-osgi.jar:/Applications/NetBeans/glassfish-3.1.2.2/glassfish/modules/endorsed/jaxb-api-osgi.jar:/Applications/NetBeans/glassfish-3.1.2.2/glassfish/modules/javax.faces.jar:/Applications/NetBeans/glassfish-3.1.2.2/glassfish/modules/javax.persistence.jar:/Applications/NetBeans/glassfish-3.1.2.2/glassfish/modules/javax.servlet.jsp-api.jar:/Applications/NetBeans/glassfish-3.1.2.2/glassfish/modules/endorsed/webservices-api-osgi.jar:/Applications/NetBeans/glassfish-3.1.2.2/glassfish/modules/weld-osgi-bundle.jar:/Applications/NetBeans/glassfish-3.1.2.2/glassfish/modules/javax.mail.jar:/Applications/NetBeans/glassfish-3.1.2.2/glassfish/modules/javax.ejb.jar:/Applications/NetBeans/glassfish-3.1.2.2/glassfish/modules/javax.el-api.jar:/Applications/NetBeans/glassfish-3.1.2.2/glassfish/modules/javax.management.j2ee.jar:/Applications/NetBeans/glassfish-3.1.2.2/mq/lib/jaxm-api.jar:/Applications/NetBeans/glassfish-3.1.2.2/glassfish/modules/javax.security.auth.message.jar:/Applications/NetBeans/glassfish-3.1.2.2/glassfish/modules/bean-validator.jar:/Applications/NetBeans/glassfish-3.1.2.2/glassfish/modules/endorsed/javax.annotation.jar:/Applications/NetBeans/glassfish-3.1.2.2/glassfish/modules/javax.jms.jar:/Applications/NetBeans/glassfish-3.1.2.2/glassfish/modules/web-core.jar:/Applications/NetBeans/glassfish-3.1.2.2/glassfish/modules/jackson-core-asl.jar:/Applications/NetBeans/glassfish-3.1.2.2/glassfish/modules/jackson-jaxrs.jar:/Applications/NetBeans/glassfish-3.1.2.2/glassfish/modules/jackson-mapper-asl.jar:/Applications/NetBeans/glassfish-3.1.2.2/glassfish/modules/jersey-client.jar:/Applications/NetBeans/glassfish-3.1.2.2/glassfish/modules/jersey-core.jar:/Applications/NetBeans/glassfish-3.1.2.2/glassfish/modules/jersey-gf-server.jar:/Applications/NetBeans/glassfish-3.1.2.2/glassfish/modules/jersey-json.jar:/Applications/NetBeans/glassfish-3.1.2.2/glassfish/modules/jersey-multipart.jar:/Applications/NetBeans/glassfish-3.1.2.2/glassfish/modules/jettison.jar:/Applications/NetBeans/glassfish-3.1.2.2/glassfish/modules/mimepull.jar" />
    <property name="java.vm.vendor" value="Oracle Corporation" />
    <property name="libs.CopyLibs.classpath" value="/Applications/NetBeans/NetBeans 7.2.app/Contents/Resources/NetBeans/java/ant/extra/org-netbeans-modules-java-j2seproject-copylibstask.jar" />
    <property name="libs.spring-framework300.classpath" value="/Applications/NetBeans/NetBeans 7.2.app/Contents/Resources/NetBeans/ide/modules/org-apache-commons-logging.jar:/Applications/NetBeans/NetBeans 7.2.app/Contents/Resources/NetBeans/java/modules/ext/cglib-2.2.jar:/Applications/NetBeans/NetBeans 7.2.app/Contents/Resources/NetBeans/java/modules/ext/spring-3.0/spring-aop-3.1.1.RELEASE.jar:/Applications/NetBeans/NetBeans 7.2.app/Contents/Resources/NetBeans/java/modules/ext/spring-3.0/spring-asm-3.1.1.RELEASE.jar:/Applications/NetBeans/NetBeans 7.2.app/Contents/Resources/NetBeans/java/modules/ext/spring-3.0/spring-aspects-3.1.1.RELEASE.jar:/Applications/NetBeans/NetBeans 7.2.app/Contents/Resources/NetBeans/java/modules/ext/spring-3.0/spring-beans-3.1.1.RELEASE.jar:/Applications/NetBeans/NetBeans 7.2.app/Contents/Resources/NetBeans/java/modules/ext/spring-3.0/spring-context-3.1.1.RELEASE.jar:/Applications/NetBeans/NetBeans 7.2.app/Contents/Resources/NetBeans/java/modules/ext/spring-3.0/spring-context-support-3.1.1.RELEASE.jar:/Applications/NetBeans/NetBeans 7.2.app/Contents/Resources/NetBeans/java/modules/ext/spring-3.0/spring-core-3.1.1.RELEASE.jar:/Applications/NetBeans/NetBeans 7.2.app/Contents/Resources/NetBeans/java/modules/ext/spring-3.0/spring-expression-3.1.1.RELEASE.jar:/Applications/NetBeans/NetBeans 7.2.app/Contents/Resources/NetBeans/java/modules/ext/spring-3.0/spring-instrument-3.1.1.RELEASE.jar:/Applications/NetBeans/NetBeans 7.2.app/Contents/Resources/NetBeans/java/modules/ext/spring-3.0/spring-instrument-tomcat-3.1.1.RELEASE.jar:/Applications/NetBeans/NetBeans 7.2.app/Contents/Resources/NetBeans/java/modules/ext/spring-3.0/spring-jdbc-3.1.1.RELEASE.jar:/Applications/NetBeans/NetBeans 7.2.app/Contents/Resources/NetBeans/java/modules/ext/spring-3.0/spring-jms-3.1.1.RELEASE.jar:/Applications/NetBeans/NetBeans 7.2.app/Contents/Resources/NetBeans/java/modules/ext/spring-3.0/spring-orm-3.1.1.RELEASE.jar:/Applications/NetBeans/NetBeans 7.2.app/Contents/Resources/NetBeans/java/modules/ext/spring-3.0/spring-oxm-3.1.1.RELEASE.jar:/Applications/NetBeans/NetBeans 7.2.app/Contents/Resources/NetBeans/java/modules/ext/spring-3.0/spring-test-3.1.1.RELEASE.jar:/Applications/NetBeans/NetBeans 7.2.app/Contents/Resources/NetBeans/java/modules/ext/spring-3.0/spring-tx-3.1.1.RELEASE.jar:/Applications/NetBeans/NetBeans 7.2.app/Contents/Resources/NetBeans/java/modules/ext/spring-3.0/spring-web-3.1.1.RELEASE.jar:/Applications/NetBeans/NetBeans 7.2.app/Contents/Resources/NetBeans/java/modules/ext/spring-3.0/spring-webmvc-portlet-3.1.1.RELEASE.jar:/Applications/NetBeans/NetBeans 7.2.app/Contents/Resources/NetBeans/java/modules/ext/spring-3.0/spring-webmvc-3.1.1.RELEASE.jar:/Applications/NetBeans/NetBeans 7.2.app/Contents/Resources/NetBeans/java/modules/ext/spring-3.0/spring-struts-3.1.1.RELEASE.jar" />
    <property name="libs.jsp-compiler.maven-pom" value="" />
    <property name="libs.Java-EE-GlassFish-v3.wsinterop" value="" />
    <property name="libs.spring-webmvc.maven-pom" value="" />
    <property name="run.jvmargs" value="" />
    <property name="libs.ejb3-persistence.classpath" value="/Applications/NetBeans/NetBeans 7.2.app/Contents/Resources/NetBeans/java/modules/ext/hibernate/ejb3-persistence.jar" />
    <property name="ant.file.Cryptography-impl" value="/Users/kevin.lawrence/Documents/Source/Cryptography/nbproject/build-impl.xml" />
    <property name="libs.JAXB-ENDORSED.src" value="" />
    <property name="libs.spring-framework.javadoc" value="" />
    <property name="libs.testng.javadoc" value="/Applications/NetBeans/NetBeans 7.2.app/Contents/Resources/NetBeans/platform/docs/testng-6.5.1-javadoc.zip" />
    <property name="libs.PostgreSQLDriver.classpath" value="/Applications/NetBeans/NetBeans 7.2.app/Contents/Resources/NetBeans/ide/modules/ext/postgresql-9.1-901.jdbc4.jar" />
    <property name="libs.jsf12.maven-pom" value="" />
    <property name="jnlp.signing" value="" />
    <property name="libs.junit.src" value="" />
    <property name="annotation.processing.source.output" value="build/generated-sources/ap-source-output" />
    <property name="jnlp.signed" value="false" />
    <property name="libs.CopyLibs.src" value="" />
    <property name="build.dir" value="build" />
    <property name="libs.jsp-compilation.classpath" value="/Applications/NetBeans/NetBeans 7.2.app/Contents/Resources/NetBeans/java/ant/lib/ant.jar:/Applications/NetBeans/NetBeans 7.2.app/Contents/Resources/NetBeans/enterprise/modules/ext/servlet3.0-jsp2.2-api.jar:/Applications/NetBeans/NetBeans 7.2.app/Contents/Resources/NetBeans/enterprise/modules/ext/glassfish-jspparser-3.0.jar:/Applications/NetBeans/NetBeans 7.2.app/Contents/Resources/NetBeans/enterprise/modules/ext/jsf-2_1/jsf-api.jar:/Applications/NetBeans/NetBeans 7.2.app/Contents/Resources/NetBeans/enterprise/modules/ext/jstl.jar:/Applications/NetBeans/NetBeans 7.2.app/Contents/Resources/NetBeans/java/ant/lib/ant-launcher.jar" />
    <property name="ant.version" value="Apache Ant(TM) version 1.8.3 compiled on February 26 2012" />
    <property name="file.encoding" value="US-ASCII" />
    <property name="build.classes.excludes" value="**/*.java,**/*.form" />
    <property name="jdkBug6558476" value="false" />
    <property name="javadoc.nonavbar" value="false" />
    <property name="platform.active" value="default_platform" />
    <property name="awt.toolkit" value="sun.lwawt.macosx.LWCToolkit" />
  </properties>
  <testcase classname="enigma.EnigmaTranspositionRotorTest" name="testGetEnigmaRotor" time="0.009" />
  <testcase classname="enigma.EnigmaTranspositionRotorTest" name="testEnigmaTranpostionMaps" time="0.234">
    <failure message="expected:&lt;0&gt; but was:&lt;30&gt;" type="junit.framework.AssertionFailedError">junit.framework.AssertionFailedError: expected:&lt;0&gt; but was:&lt;30&gt;
	at enigma.EnigmaTranspositionRotorTest.testEnigmaTranpostionMaps(EnigmaTranspositionRotorTest.java:135)
</failure>
  </testcase>
  <testcase classname="enigma.EnigmaTranspositionRotorTest" name="testSetEnigmaRotor" time="0.001" />
  <testcase classname="enigma.EnigmaTranspositionRotorTest" name="testConstructor" time="0.0" />
  <testcase classname="enigma.EnigmaTranspositionRotorTest" name="testTranposeCharacter" time="0.007">
    <failure message="expected:&lt;0&gt; but was:&lt;26&gt;" type="junit.framework.AssertionFailedError">junit.framework.AssertionFailedError: expected:&lt;0&gt; but was:&lt;26&gt;
	at enigma.EnigmaTranspositionRotorTest.testTranposeCharacter(EnigmaTranspositionRotorTest.java:113)
</failure>
  </testcase>
  <system-out><![CDATA[getEnigmaRotor
Transposition Map Tests
=======================
   Transposition Map - INTERFACE
   FAILED Transposition Input = A Expected = A Actual =  
   FAILED Transposition Input = B Expected = B Actual =  
   FAILED Transposition Input = C Expected = C Actual =  
   FAILED Transposition Input = D Expected = D Actual =  
   FAILED Transposition Input = E Expected = E Actual =  
   FAILED Transposition Input = F Expected = F Actual =  
   FAILED Transposition Input = G Expected = G Actual =  
   FAILED Transposition Input = H Expected = H Actual =  
   FAILED Transposition Input = I Expected = I Actual =  
   FAILED Transposition Input = J Expected = J Actual =  
   FAILED Transposition Input = K Expected = K Actual =  
   FAILED Transposition Input = L Expected = L Actual =  
   FAILED Transposition Input = M Expected = M Actual =  
   FAILED Transposition Input = N Expected = N Actual =  
   FAILED Transposition Input = O Expected = O Actual =  
   FAILED Transposition Input = P Expected = P Actual =  
   FAILED Transposition Input = Q Expected = Q Actual =  
   FAILED Transposition Input = R Expected = R Actual =  
   FAILED Transposition Input = S Expected = S Actual =  
   FAILED Transposition Input = T Expected = T Actual =  
   FAILED Transposition Input = U Expected = U Actual =  
   FAILED Transposition Input = V Expected = V Actual =  
   FAILED Transposition Input = W Expected = W Actual =  
   FAILED Transposition Input = X Expected = X Actual =  
   FAILED Transposition Input = Y Expected = Y Actual =  
   FAILED Transposition Input = Z Expected = Z Actual =  
   Transposition Map - I_C
   FAILED Transposition Input = A Expected = D Actual =  
   FAILED Transposition Input = B Expected = M Actual =  
   FAILED Transposition Input = C Expected = T Actual =  
   FAILED Transposition Input = D Expected = W Actual =  
   FAILED Transposition Input = E Expected = S Actual =  
   FAILED Transposition Input = F Expected = I Actual =  
   FAILED Transposition Input = G Expected = L Actual =  
   FAILED Transposition Input = H Expected = R Actual =  
   FAILED Transposition Input = I Expected = U Actual =  
   FAILED Transposition Input = J Expected = Y Actual =  
   FAILED Transposition Input = K Expected = Q Actual =  
   FAILED Transposition Input = L Expected = N Actual =  
   FAILED Transposition Input = M Expected = K Actual =  
   FAILED Transposition Input = N Expected = F Actual =  
   FAILED Transposition Input = O Expected = E Actual =  
   FAILED Transposition Input = P Expected = J Actual =  
   FAILED Transposition Input = Q Expected = C Actual =  
   FAILED Transposition Input = R Expected = A Actual =  
   FAILED Transposition Input = S Expected = Z Actual =  
   FAILED Transposition Input = T Expected = B Actual =  
   FAILED Transposition Input = U Expected = P Actual =  
   FAILED Transposition Input = V Expected = G Actual =  
   FAILED Transposition Input = W Expected = X Actual =  
   FAILED Transposition Input = X Expected = O Actual =  
   FAILED Transposition Input = Y Expected = H Actual =  
   FAILED Transposition Input = Z Expected = V Actual =  
   Transposition Map - II_C
   FAILED Transposition Input = A Expected = H Actual =  
   FAILED Transposition Input = B Expected = Q Actual =  
   FAILED Transposition Input = C Expected = Z Actual =  
   FAILED Transposition Input = D Expected = G Actual =  
   FAILED Transposition Input = E Expected = P Actual =  
   FAILED Transposition Input = F Expected = J Actual =  
   FAILED Transposition Input = G Expected = T Actual =  
   FAILED Transposition Input = H Expected = M Actual =  
   FAILED Transposition Input = I Expected = O Actual =  
   FAILED Transposition Input = J Expected = B Actual =  
   FAILED Transposition Input = K Expected = L Actual =  
   FAILED Transposition Input = L Expected = N Actual =  
   FAILED Transposition Input = M Expected = C Actual =  
   FAILED Transposition Input = N Expected = I Actual =  
   FAILED Transposition Input = O Expected = F Actual =  
   FAILED Transposition Input = P Expected = D Actual =  
   FAILED Transposition Input = Q Expected = Y Actual =  
   FAILED Transposition Input = R Expected = A Actual =  
   FAILED Transposition Input = S Expected = W Actual =  
   FAILED Transposition Input = T Expected = V Actual =  
   FAILED Transposition Input = U Expected = E Actual =  
   FAILED Transposition Input = V Expected = U Actual =  
   FAILED Transposition Input = W Expected = S Actual =  
   FAILED Transposition Input = X Expected = R Actual =  
   FAILED Transposition Input = Y Expected = K Actual =  
   FAILED Transposition Input = Z Expected = X Actual =  
   Transposition Map - III_C
   FAILED Transposition Input = A Expected = U Actual =  
   FAILED Transposition Input = B Expected = Q Actual =  
   FAILED Transposition Input = C Expected = N Actual =  
   FAILED Transposition Input = D Expected = T Actual =  
   FAILED Transposition Input = E Expected = L Actual =  
   FAILED Transposition Input = F Expected = S Actual =  
   FAILED Transposition Input = G Expected = Z Actual =  
   FAILED Transposition Input = H Expected = F Actual =  
   FAILED Transposition Input = I Expected = M Actual =  
   FAILED Transposition Input = J Expected = R Actual =  
   FAILED Transposition Input = K Expected = E Actual =  
   FAILED Transposition Input = L Expected = H Actual =  
   FAILED Transposition Input = M Expected = D Actual =  
   FAILED Transposition Input = N Expected = P Actual =  
   FAILED Transposition Input = O Expected = X Actual =  
   FAILED Transposition Input = P Expected = K Actual =  
   FAILED Transposition Input = Q Expected = I Actual =  
   FAILED Transposition Input = R Expected = B Actual =  
   FAILED Transposition Input = S Expected = V Actual =  
   FAILED Transposition Input = T Expected = Y Actual =  
   FAILED Transposition Input = U Expected = G Actual =  
   FAILED Transposition Input = V Expected = J Actual =  
   FAILED Transposition Input = W Expected = C Actual =  
   FAILED Transposition Input = X Expected = W Actual =  
   FAILED Transposition Input = Y Expected = O Actual =  
   FAILED Transposition Input = Z Expected = A Actual =  
   Transposition Map - I_R
   FAILED Transposition Input = A Expected = J Actual =  
   FAILED Transposition Input = B Expected = G Actual =  
   FAILED Transposition Input = C Expected = D Actual =  
   FAILED Transposition Input = D Expected = Q Actual =  
   FAILED Transposition Input = E Expected = O Actual =  
   FAILED Transposition Input = F Expected = X Actual =  
   FAILED Transposition Input = G Expected = U Actual =  
   FAILED Transposition Input = H Expected = S Actual =  
   FAILED Transposition Input = I Expected = C Actual =  
   FAILED Transposition Input = J Expected = A Actual =  
   FAILED Transposition Input = K Expected = M Actual =  
   FAILED Transposition Input = L Expected = I Actual =  
   FAILED Transposition Input = M Expected = F Actual =  
   FAILED Transposition Input = N Expected = R Actual =  
   FAILED Transposition Input = O Expected = V Actual =  
   FAILED Transposition Input = P Expected = T Actual =  
   FAILED Transposition Input = Q Expected = P Actual =  
   FAILED Transposition Input = R Expected = N Actual =  
   FAILED Transposition Input = S Expected = E Actual =  
   FAILED Transposition Input = T Expected = W Actual =  
   FAILED Transposition Input = U Expected = K Actual =  
   FAILED Transposition Input = V Expected = B Actual =  
   FAILED Transposition Input = W Expected = L Actual =  
   FAILED Transposition Input = X Expected = Z Actual =  
   FAILED Transposition Input = Y Expected = Y Actual =  
   FAILED Transposition Input = Z Expected = H Actual =  
   Transposition Map - II_R
   FAILED Transposition Input = A Expected = N Actual =  
   FAILED Transposition Input = B Expected = T Actual =  
   FAILED Transposition Input = C Expected = Z Actual =  
   FAILED Transposition Input = D Expected = P Actual =  
   FAILED Transposition Input = E Expected = S Actual =  
   FAILED Transposition Input = F Expected = F Actual =  
   FAILED Transposition Input = G Expected = B Actual =  
   FAILED Transposition Input = H Expected = O Actual =  
   FAILED Transposition Input = I Expected = K Actual =  
   FAILED Transposition Input = J Expected = M Actual =  
   FAILED Transposition Input = K Expected = W Actual =  
   FAILED Transposition Input = L Expected = R Actual =  
   FAILED Transposition Input = M Expected = C Actual =  
   FAILED Transposition Input = N Expected = J Actual =  
   FAILED Transposition Input = O Expected = D Actual =  
   FAILED Transposition Input = P Expected = I Actual =  
   FAILED Transposition Input = Q Expected = V Actual =  
   FAILED Transposition Input = R Expected = L Actual =  
   FAILED Transposition Input = S Expected = A Actual =  
   FAILED Transposition Input = T Expected = E Actual =  
   FAILED Transposition Input = U Expected = Y Actual =  
   FAILED Transposition Input = V Expected = U Actual =  
   FAILED Transposition Input = W Expected = X Actual =  
   FAILED Transposition Input = X Expected = H Actual =  
   FAILED Transposition Input = Y Expected = G Actual =  
   FAILED Transposition Input = Z Expected = Q Actual =  
   Transposition Map - III_R
   FAILED Transposition Input = A Expected = J Actual =  
   FAILED Transposition Input = B Expected = V Actual =  
   FAILED Transposition Input = C Expected = I Actual =  
   FAILED Transposition Input = D Expected = U Actual =  
   FAILED Transposition Input = E Expected = B Actual =  
   FAILED Transposition Input = F Expected = H Actual =  
   FAILED Transposition Input = G Expected = T Actual =  
   FAILED Transposition Input = H Expected = C Actual =  
   FAILED Transposition Input = I Expected = D Actual =  
   FAILED Transposition Input = J Expected = Y Actual =  
   FAILED Transposition Input = K Expected = A Actual =  
   FAILED Transposition Input = L Expected = K Actual =  
   FAILED Transposition Input = M Expected = E Actual =  
   FAILED Transposition Input = N Expected = Q Actual =  
   FAILED Transposition Input = O Expected = Z Actual =  
   FAILED Transposition Input = P Expected = P Actual =  
   FAILED Transposition Input = Q Expected = O Actual =  
   FAILED Transposition Input = R Expected = S Actual =  
   FAILED Transposition Input = S Expected = G Actual =  
   FAILED Transposition Input = T Expected = X Actual =  
   FAILED Transposition Input = U Expected = N Actual =  
   FAILED Transposition Input = V Expected = R Actual =  
   FAILED Transposition Input = W Expected = M Actual =  
   FAILED Transposition Input = X Expected = W Actual =  
   FAILED Transposition Input = Y Expected = F Actual =  
   FAILED Transposition Input = Z Expected = L Actual =  
   Transposition Map - UKW_R
   FAILED Transposition Input = A Expected = Q Actual =  
   FAILED Transposition Input = B Expected = Y Actual =  
   FAILED Transposition Input = C Expected = H Actual =  
   FAILED Transposition Input = D Expected = O Actual =  
   FAILED Transposition Input = E Expected = G Actual =  
   FAILED Transposition Input = F Expected = N Actual =  
   FAILED Transposition Input = G Expected = E Actual =  
   FAILED Transposition Input = H Expected = C Actual =  
   FAILED Transposition Input = I Expected = V Actual =  
   FAILED Transposition Input = J Expected = P Actual =  
   FAILED Transposition Input = K Expected = U Actual =  
   FAILED Transposition Input = L Expected = Z Actual =  
   FAILED Transposition Input = M Expected = T Actual =  
   FAILED Transposition Input = N Expected = F Actual =  
   FAILED Transposition Input = O Expected = D Actual =  
   FAILED Transposition Input = P Expected = J Actual =  
   FAILED Transposition Input = Q Expected = A Actual =  
   FAILED Transposition Input = R Expected = X Actual =  
   FAILED Transposition Input = S Expected = W Actual =  
   FAILED Transposition Input = T Expected = M Actual =  
   FAILED Transposition Input = U Expected = K Actual =  
   FAILED Transposition Input = V Expected = I Actual =  
   FAILED Transposition Input = W Expected = S Actual =  
   FAILED Transposition Input = X Expected = R Actual =  
   FAILED Transposition Input = Y Expected = B Actual =  
   FAILED Transposition Input = Z Expected = L Actual =  
   Transposition Map - ETW_R
   FAILED Transposition Input = A Expected = Q Actual =  
   FAILED Transposition Input = B Expected = W Actual =  
   FAILED Transposition Input = C Expected = E Actual =  
   FAILED Transposition Input = D Expected = R Actual =  
   FAILED Transposition Input = E Expected = T Actual =  
   FAILED Transposition Input = F Expected = Z Actual =  
   FAILED Transposition Input = G Expected = U Actual =  
   FAILED Transposition Input = H Expected = I Actual =  
   FAILED Transposition Input = I Expected = O Actual =  
   FAILED Transposition Input = J Expected = A Actual =  
   FAILED Transposition Input = K Expected = S Actual =  
   FAILED Transposition Input = L Expected = D Actual =  
   FAILED Transposition Input = M Expected = F Actual =  
   FAILED Transposition Input = N Expected = G Actual =  
   FAILED Transposition Input = O Expected = H Actual =  
   FAILED Transposition Input = P Expected = J Actual =  
   FAILED Transposition Input = Q Expected = K Actual =  
   FAILED Transposition Input = R Expected = P Actual =  
   FAILED Transposition Input = S Expected = Y Actual =  
   FAILED Transposition Input = T Expected = X Actual =  
   FAILED Transposition Input = U Expected = C Actual =  
   FAILED Transposition Input = V Expected = V Actual =  
   FAILED Transposition Input = W Expected = B Actual =  
   FAILED Transposition Input = X Expected = N Actual =  
   FAILED Transposition Input = Y Expected = M Actual =  
   FAILED Transposition Input = Z Expected = L Actual =  
   Transposition Map - I_K
   FAILED Transposition Input = A Expected = P Actual =  
   FAILED Transposition Input = B Expected = E Actual =  
   FAILED Transposition Input = C Expected = Z Actual =  
   FAILED Transposition Input = D Expected = U Actual =  
   FAILED Transposition Input = E Expected = O Actual =  
   FAILED Transposition Input = F Expected = H Actual =  
   FAILED Transposition Input = G Expected = X Actual =  
   FAILED Transposition Input = H Expected = S Actual =  
   FAILED Transposition Input = I Expected = C Actual =  
   FAILED Transposition Input = J Expected = V Actual =  
   FAILED Transposition Input = K Expected = F Actual =  
   FAILED Transposition Input = L Expected = M Actual =  
   FAILED Transposition Input = M Expected = T Actual =  
   FAILED Transposition Input = N Expected = B Actual =  
   FAILED Transposition Input = O Expected = G Actual =  
   FAILED Transposition Input = P Expected = L Actual =  
   FAILED Transposition Input = Q Expected = R Actual =  
   FAILED Transposition Input = R Expected = I Actual =  
   FAILED Transposition Input = S Expected = N Actual =  
   FAILED Transposition Input = T Expected = Q Actual =  
   FAILED Transposition Input = U Expected = J Actual =  
   FAILED Transposition Input = V Expected = W Actual =  
   FAILED Transposition Input = W Expected = A Actual =  
   FAILED Transposition Input = X Expected = Y Actual =  
   FAILED Transposition Input = Y Expected = D Actual =  
   FAILED Transposition Input = Z Expected = K Actual =  
   Transposition Map - II_K
   FAILED Transposition Input = A Expected = Z Actual =  
   FAILED Transposition Input = B Expected = O Actual =  
   FAILED Transposition Input = C Expected = U Actual =  
   FAILED Transposition Input = D Expected = E Actual =  
   FAILED Transposition Input = E Expected = S Actual =  
   FAILED Transposition Input = F Expected = Y Actual =  
   FAILED Transposition Input = G Expected = D Actual =  
   FAILED Transposition Input = H Expected = K Actual =  
   FAILED Transposition Input = I Expected = F Actual =  
   FAILED Transposition Input = J Expected = W Actual =  
   FAILED Transposition Input = K Expected = P Actual =  
   FAILED Transposition Input = L Expected = C Actual =  
   FAILED Transposition Input = M Expected = I Actual =  
   FAILED Transposition Input = N Expected = Q Actual =  
   FAILED Transposition Input = O Expected = X Actual =  
   FAILED Transposition Input = P Expected = H Actual =  
   FAILED Transposition Input = Q Expected = M Actual =  
   FAILED Transposition Input = R Expected = V Actual =  
   FAILED Transposition Input = S Expected = B Actual =  
   FAILED Transposition Input = T Expected = L Actual =  
   FAILED Transposition Input = U Expected = G Actual =  
   FAILED Transposition Input = V Expected = N Actual =  
   FAILED Transposition Input = W Expected = J Actual =  
   FAILED Transposition Input = X Expected = R Actual =  
   FAILED Transposition Input = Y Expected = A Actual =  
   FAILED Transposition Input = Z Expected = T Actual =  
   Transposition Map - III_K
   FAILED Transposition Input = A Expected = E Actual =  
   FAILED Transposition Input = B Expected = H Actual =  
   FAILED Transposition Input = C Expected = R Actual =  
   FAILED Transposition Input = D Expected = V Actual =  
   FAILED Transposition Input = E Expected = X Actual =  
   FAILED Transposition Input = F Expected = G Actual =  
   FAILED Transposition Input = G Expected = A Actual =  
   FAILED Transposition Input = H Expected = O Actual =  
   FAILED Transposition Input = I Expected = B Actual =  
   FAILED Transposition Input = J Expected = Q Actual =  
   FAILED Transposition Input = K Expected = U Actual =  
   FAILED Transposition Input = L Expected = S Actual =  
   FAILED Transposition Input = M Expected = I Actual =  
   FAILED Transposition Input = N Expected = M Actual =  
   FAILED Transposition Input = O Expected = Z Actual =  
   FAILED Transposition Input = P Expected = F Actual =  
   FAILED Transposition Input = Q Expected = L Actual =  
   FAILED Transposition Input = R Expected = Y Actual =  
   FAILED Transposition Input = S Expected = N Actual =  
   FAILED Transposition Input = T Expected = W Actual =  
   FAILED Transposition Input = U Expected = K Actual =  
   FAILED Transposition Input = V Expected = T Actual =  
   FAILED Transposition Input = W Expected = P Actual =  
   FAILED Transposition Input = X Expected = D Actual =  
   FAILED Transposition Input = Y Expected = J Actual =  
   FAILED Transposition Input = Z Expected = C Actual =  
   Transposition Map - UKW_K
   FAILED Transposition Input = A Expected = I Actual =  
   FAILED Transposition Input = B Expected = M Actual =  
   FAILED Transposition Input = C Expected = E Actual =  
   FAILED Transposition Input = D Expected = T Actual =  
   FAILED Transposition Input = E Expected = C Actual =  
   FAILED Transposition Input = F Expected = G Actual =  
   FAILED Transposition Input = G Expected = F Actual =  
   FAILED Transposition Input = H Expected = R Actual =  
   FAILED Transposition Input = I Expected = A Actual =  
   FAILED Transposition Input = J Expected = Y Actual =  
   FAILED Transposition Input = K Expected = S Actual =  
   FAILED Transposition Input = L Expected = Q Actual =  
   FAILED Transposition Input = M Expected = B Actual =  
   FAILED Transposition Input = N Expected = Z Actual =  
   FAILED Transposition Input = O Expected = X Actual =  
   FAILED Transposition Input = P Expected = W Actual =  
   FAILED Transposition Input = Q Expected = L Actual =  
   FAILED Transposition Input = R Expected = H Actual =  
   FAILED Transposition Input = S Expected = K Actual =  
   FAILED Transposition Input = T Expected = D Actual =  
   FAILED Transposition Input = U Expected = V Actual =  
   FAILED Transposition Input = V Expected = U Actual =  
   FAILED Transposition Input = W Expected = P Actual =  
   FAILED Transposition Input = X Expected = O Actual =  
   FAILED Transposition Input = Y Expected = J Actual =  
   FAILED Transposition Input = Z Expected = N Actual =  
   Transposition Map - ETW_K
   FAILED Transposition Input = A Expected = Q Actual =  
   FAILED Transposition Input = B Expected = W Actual =  
   FAILED Transposition Input = C Expected = E Actual =  
   FAILED Transposition Input = D Expected = R Actual =  
   FAILED Transposition Input = E Expected = T Actual =  
   FAILED Transposition Input = F Expected = Z Actual =  
   FAILED Transposition Input = G Expected = U Actual =  
   FAILED Transposition Input = H Expected = I Actual =  
   FAILED Transposition Input = I Expected = O Actual =  
   FAILED Transposition Input = J Expected = A Actual =  
   FAILED Transposition Input = K Expected = S Actual =  
   FAILED Transposition Input = L Expected = D Actual =  
   FAILED Transposition Input = M Expected = F Actual =  
   FAILED Transposition Input = N Expected = G Actual =  
   FAILED Transposition Input = O Expected = H Actual =  
   FAILED Transposition Input = P Expected = J Actual =  
   FAILED Transposition Input = Q Expected = K Actual =  
   FAILED Transposition Input = R Expected = P Actual =  
   FAILED Transposition Input = S Expected = Y Actual =  
   FAILED Transposition Input = T Expected = X Actual =  
   FAILED Transposition Input = U Expected = C Actual =  
   FAILED Transposition Input = V Expected = V Actual =  
   FAILED Transposition Input = W Expected = B Actual =  
   FAILED Transposition Input = X Expected = N Actual =  
   FAILED Transposition Input = Y Expected = M Actual =  
   FAILED Transposition Input = Z Expected = L Actual =  
   Transposition Map - I
   FAILED Transposition Input = A Expected = E Actual =  
   FAILED Transposition Input = B Expected = K Actual =  
   FAILED Transposition Input = C Expected = M Actual =  
   FAILED Transposition Input = D Expected = F Actual =  
   FAILED Transposition Input = E Expected = L Actual =  
   FAILED Transposition Input = F Expected = G Actual =  
   FAILED Transposition Input = G Expected = D Actual =  
   FAILED Transposition Input = H Expected = Q Actual =  
   FAILED Transposition Input = I Expected = V Actual =  
   FAILED Transposition Input = J Expected = Z Actual =  
   FAILED Transposition Input = K Expected = N Actual =  
   FAILED Transposition Input = L Expected = T Actual =  
   FAILED Transposition Input = M Expected = O Actual =  
   FAILED Transposition Input = N Expected = W Actual =  
   FAILED Transposition Input = O Expected = Y Actual =  
   FAILED Transposition Input = P Expected = H Actual =  
   FAILED Transposition Input = Q Expected = X Actual =  
   FAILED Transposition Input = R Expected = U Actual =  
   FAILED Transposition Input = S Expected = S Actual =  
   FAILED Transposition Input = T Expected = P Actual =  
   FAILED Transposition Input = U Expected = A Actual =  
   FAILED Transposition Input = V Expected = I Actual =  
   FAILED Transposition Input = W Expected = B Actual =  
   FAILED Transposition Input = X Expected = R Actual =  
   FAILED Transposition Input = Y Expected = C Actual =  
   FAILED Transposition Input = Z Expected = J Actual =  
   Transposition Map - II
   FAILED Transposition Input = A Expected = A Actual =  
   FAILED Transposition Input = B Expected = J Actual =  
   FAILED Transposition Input = C Expected = D Actual =  
   FAILED Transposition Input = D Expected = K Actual =  
   FAILED Transposition Input = E Expected = S Actual =  
   FAILED Transposition Input = F Expected = I Actual =  
   FAILED Transposition Input = G Expected = R Actual =  
   FAILED Transposition Input = H Expected = U Actual =  
   FAILED Transposition Input = I Expected = X Actual =  
   FAILED Transposition Input = J Expected = B Actual =  
   FAILED Transposition Input = K Expected = L Actual =  
   FAILED Transposition Input = L Expected = H Actual =  
   FAILED Transposition Input = M Expected = W Actual =  
   FAILED Transposition Input = N Expected = T Actual =  
   FAILED Transposition Input = O Expected = M Actual =  
   FAILED Transposition Input = P Expected = C Actual =  
   FAILED Transposition Input = Q Expected = Q Actual =  
   FAILED Transposition Input = R Expected = G Actual =  
   FAILED Transposition Input = S Expected = Z Actual =  
   FAILED Transposition Input = T Expected = N Actual =  
   FAILED Transposition Input = U Expected = P Actual =  
   FAILED Transposition Input = V Expected = Y Actual =  
   FAILED Transposition Input = W Expected = F Actual =  
   FAILED Transposition Input = X Expected = V Actual =  
   FAILED Transposition Input = Y Expected = O Actual =  
   FAILED Transposition Input = Z Expected = E Actual =  
   Transposition Map - III
   FAILED Transposition Input = A Expected = B Actual =  
   FAILED Transposition Input = B Expected = D Actual =  
   FAILED Transposition Input = C Expected = F Actual =  
   FAILED Transposition Input = D Expected = H Actual =  
   FAILED Transposition Input = E Expected = J Actual =  
   FAILED Transposition Input = F Expected = L Actual =  
   FAILED Transposition Input = G Expected = C Actual =  
   FAILED Transposition Input = H Expected = P Actual =  
   FAILED Transposition Input = I Expected = R Actual =  
   FAILED Transposition Input = J Expected = T Actual =  
   FAILED Transposition Input = K Expected = X Actual =  
   FAILED Transposition Input = L Expected = V Actual =  
   FAILED Transposition Input = M Expected = Z Actual =  
   FAILED Transposition Input = N Expected = N Actual =  
   FAILED Transposition Input = O Expected = Y Actual =  
   FAILED Transposition Input = P Expected = E Actual =  
   FAILED Transposition Input = Q Expected = I Actual =  
   FAILED Transposition Input = R Expected = W Actual =  
   FAILED Transposition Input = S Expected = G Actual =  
   FAILED Transposition Input = T Expected = A Actual =  
   FAILED Transposition Input = U Expected = K Actual =  
   FAILED Transposition Input = V Expected = M Actual =  
   FAILED Transposition Input = W Expected = U Actual =  
   FAILED Transposition Input = X Expected = S Actual =  
   FAILED Transposition Input = Y Expected = Q Actual =  
   FAILED Transposition Input = Z Expected = O Actual =  
   Transposition Map - IV
   FAILED Transposition Input = A Expected = E Actual =  
   FAILED Transposition Input = B Expected = S Actual =  
   FAILED Transposition Input = C Expected = O Actual =  
   FAILED Transposition Input = D Expected = V Actual =  
   FAILED Transposition Input = E Expected = P Actual =  
   FAILED Transposition Input = F Expected = Z Actual =  
   FAILED Transposition Input = G Expected = J Actual =  
   FAILED Transposition Input = H Expected = A Actual =  
   FAILED Transposition Input = I Expected = Y Actual =  
   FAILED Transposition Input = J Expected = Q Actual =  
   FAILED Transposition Input = K Expected = U Actual =  
   FAILED Transposition Input = L Expected = I Actual =  
   FAILED Transposition Input = M Expected = R Actual =  
   FAILED Transposition Input = N Expected = H Actual =  
   FAILED Transposition Input = O Expected = X Actual =  
   FAILED Transposition Input = P Expected = L Actual =  
   FAILED Transposition Input = Q Expected = N Actual =  
   FAILED Transposition Input = R Expected = F Actual =  
   FAILED Transposition Input = S Expected = T Actual =  
   FAILED Transposition Input = T Expected = G Actual =  
   FAILED Transposition Input = U Expected = K Actual =  
   FAILED Transposition Input = V Expected = D Actual =  
   FAILED Transposition Input = W Expected = C Actual =  
   FAILED Transposition Input = X Expected = M Actual =  
   FAILED Transposition Input = Y Expected = W Actual =  
   FAILED Transposition Input = Z Expected = B Actual =  
   Transposition Map - V
   FAILED Transposition Input = A Expected = V Actual =  
   FAILED Transposition Input = B Expected = Z Actual =  
   FAILED Transposition Input = C Expected = B Actual =  
   FAILED Transposition Input = D Expected = R Actual =  
   FAILED Transposition Input = E Expected = G Actual =  
   FAILED Transposition Input = F Expected = I Actual =  
   FAILED Transposition Input = G Expected = T Actual =  
   FAILED Transposition Input = H Expected = Y Actual =  
   FAILED Transposition Input = I Expected = U Actual =  
   FAILED Transposition Input = J Expected = P Actual =  
   FAILED Transposition Input = K Expected = S Actual =  
   FAILED Transposition Input = L Expected = D Actual =  
   FAILED Transposition Input = M Expected = N Actual =  
   FAILED Transposition Input = N Expected = H Actual =  
   FAILED Transposition Input = O Expected = L Actual =  
   FAILED Transposition Input = P Expected = X Actual =  
   FAILED Transposition Input = Q Expected = A Actual =  
   FAILED Transposition Input = R Expected = W Actual =  
   FAILED Transposition Input = S Expected = M Actual =  
   FAILED Transposition Input = T Expected = J Actual =  
   FAILED Transposition Input = U Expected = Q Actual =  
   FAILED Transposition Input = V Expected = O Actual =  
   FAILED Transposition Input = W Expected = F Actual =  
   FAILED Transposition Input = X Expected = E Actual =  
   FAILED Transposition Input = Y Expected = C Actual =  
   FAILED Transposition Input = Z Expected = K Actual =  
   Transposition Map - VI
   FAILED Transposition Input = A Expected = J Actual =  
   FAILED Transposition Input = B Expected = P Actual =  
   FAILED Transposition Input = C Expected = G Actual =  
   FAILED Transposition Input = D Expected = V Actual =  
   FAILED Transposition Input = E Expected = O Actual =  
   FAILED Transposition Input = F Expected = U Actual =  
   FAILED Transposition Input = G Expected = M Actual =  
   FAILED Transposition Input = H Expected = F Actual =  
   FAILED Transposition Input = I Expected = Y Actual =  
   FAILED Transposition Input = J Expected = Q Actual =  
   FAILED Transposition Input = K Expected = B Actual =  
   FAILED Transposition Input = L Expected = E Actual =  
   FAILED Transposition Input = M Expected = N Actual =  
   FAILED Transposition Input = N Expected = H Actual =  
   FAILED Transposition Input = O Expected = Z Actual =  
   FAILED Transposition Input = P Expected = R Actual =  
   FAILED Transposition Input = Q Expected = D Actual =  
   FAILED Transposition Input = R Expected = K Actual =  
   FAILED Transposition Input = S Expected = A Actual =  
   FAILED Transposition Input = T Expected = S Actual =  
   FAILED Transposition Input = U Expected = X Actual =  
   FAILED Transposition Input = V Expected = L Actual =  
   FAILED Transposition Input = W Expected = I Actual =  
   FAILED Transposition Input = X Expected = C Actual =  
   FAILED Transposition Input = Y Expected = T Actual =  
   FAILED Transposition Input = Z Expected = W Actual =  
   Transposition Map - VII
   FAILED Transposition Input = A Expected = N Actual =  
   FAILED Transposition Input = B Expected = Z Actual =  
   FAILED Transposition Input = C Expected = J Actual =  
   FAILED Transposition Input = D Expected = H Actual =  
   FAILED Transposition Input = E Expected = G Actual =  
   FAILED Transposition Input = F Expected = R Actual =  
   FAILED Transposition Input = G Expected = C Actual =  
   FAILED Transposition Input = H Expected = X Actual =  
   FAILED Transposition Input = I Expected = M Actual =  
   FAILED Transposition Input = J Expected = Y Actual =  
   FAILED Transposition Input = K Expected = S Actual =  
   FAILED Transposition Input = L Expected = W Actual =  
   FAILED Transposition Input = M Expected = B Actual =  
   FAILED Transposition Input = N Expected = O Actual =  
   FAILED Transposition Input = O Expected = U Actual =  
   FAILED Transposition Input = P Expected = F Actual =  
   FAILED Transposition Input = Q Expected = A Actual =  
   FAILED Transposition Input = R Expected = I Actual =  
   FAILED Transposition Input = S Expected = V Actual =  
   FAILED Transposition Input = T Expected = L Actual =  
   FAILED Transposition Input = U Expected = P Actual =  
   FAILED Transposition Input = V Expected = E Actual =  
   FAILED Transposition Input = W Expected = K Actual =  
   FAILED Transposition Input = X Expected = Q Actual =  
   FAILED Transposition Input = Y Expected = D Actual =  
   FAILED Transposition Input = Z Expected = T Actual =  
   Transposition Map - VIII
   FAILED Transposition Input = A Expected = F Actual =  
   FAILED Transposition Input = B Expected = K Actual =  
   FAILED Transposition Input = C Expected = Q Actual =  
   FAILED Transposition Input = D Expected = H Actual =  
   FAILED Transposition Input = E Expected = T Actual =  
   FAILED Transposition Input = F Expected = L Actual =  
   FAILED Transposition Input = G Expected = X Actual =  
   FAILED Transposition Input = H Expected = O Actual =  
   FAILED Transposition Input = I Expected = C Actual =  
   FAILED Transposition Input = J Expected = B Actual =  
   FAILED Transposition Input = K Expected = J Actual =  
   FAILED Transposition Input = L Expected = S Actual =  
   FAILED Transposition Input = M Expected = P Actual =  
   FAILED Transposition Input = N Expected = D Actual =  
   FAILED Transposition Input = O Expected = Z Actual =  
   FAILED Transposition Input = P Expected = R Actual =  
   FAILED Transposition Input = Q Expected = A Actual =  
   FAILED Transposition Input = R Expected = M Actual =  
   FAILED Transposition Input = S Expected = E Actual =  
   FAILED Transposition Input = T Expected = W Actual =  
   FAILED Transposition Input = U Expected = N Actual =  
   FAILED Transposition Input = V Expected = I Actual =  
   FAILED Transposition Input = W Expected = U Actual =  
   FAILED Transposition Input = X Expected = Y Actual =  
   FAILED Transposition Input = Y Expected = G Actual =  
   FAILED Transposition Input = Z Expected = V Actual =  
   Transposition Map - BETA
   FAILED Transposition Input = A Expected = L Actual =  
   FAILED Transposition Input = B Expected = E Actual =  
   FAILED Transposition Input = C Expected = Y Actual =  
   FAILED Transposition Input = D Expected = J Actual =  
   FAILED Transposition Input = E Expected = V Actual =  
   FAILED Transposition Input = F Expected = C Actual =  
   FAILED Transposition Input = G Expected = N Actual =  
   FAILED Transposition Input = H Expected = I Actual =  
   FAILED Transposition Input = I Expected = X Actual =  
   FAILED Transposition Input = J Expected = W Actual =  
   FAILED Transposition Input = K Expected = P Actual =  
   FAILED Transposition Input = L Expected = B Actual =  
   FAILED Transposition Input = M Expected = Q Actual =  
   FAILED Transposition Input = N Expected = M Actual =  
   FAILED Transposition Input = O Expected = D Actual =  
   FAILED Transposition Input = P Expected = R Actual =  
   FAILED Transposition Input = Q Expected = T Actual =  
   FAILED Transposition Input = R Expected = A Actual =  
   FAILED Transposition Input = S Expected = K Actual =  
   FAILED Transposition Input = T Expected = Z Actual =  
   FAILED Transposition Input = U Expected = G Actual =  
   FAILED Transposition Input = V Expected = F Actual =  
   FAILED Transposition Input = W Expected = U Actual =  
   FAILED Transposition Input = X Expected = H Actual =  
   FAILED Transposition Input = Y Expected = O Actual =  
   FAILED Transposition Input = Z Expected = S Actual =  
   Transposition Map - GAMMA
   FAILED Transposition Input = A Expected = F Actual =  
   FAILED Transposition Input = B Expected = S Actual =  
   FAILED Transposition Input = C Expected = O Actual =  
   FAILED Transposition Input = D Expected = K Actual =  
   FAILED Transposition Input = E Expected = A Actual =  
   FAILED Transposition Input = F Expected = N Actual =  
   FAILED Transposition Input = G Expected = U Actual =  
   FAILED Transposition Input = H Expected = E Actual =  
   FAILED Transposition Input = I Expected = R Actual =  
   FAILED Transposition Input = J Expected = H Actual =  
   FAILED Transposition Input = K Expected = M Actual =  
   FAILED Transposition Input = L Expected = B Actual =  
   FAILED Transposition Input = M Expected = T Actual =  
   FAILED Transposition Input = N Expected = I Actual =  
   FAILED Transposition Input = O Expected = Y Actual =  
   FAILED Transposition Input = P Expected = C Actual =  
   FAILED Transposition Input = Q Expected = W Actual =  
   FAILED Transposition Input = R Expected = L Actual =  
   FAILED Transposition Input = S Expected = Q Actual =  
   FAILED Transposition Input = T Expected = P Actual =  
   FAILED Transposition Input = U Expected = Z Actual =  
   FAILED Transposition Input = V Expected = X Actual =  
   FAILED Transposition Input = W Expected = V Actual =  
   FAILED Transposition Input = X Expected = G Actual =  
   FAILED Transposition Input = Y Expected = J Actual =  
   FAILED Transposition Input = Z Expected = D Actual =  
   Transposition Map - REF_A
   FAILED Transposition Input = A Expected = E Actual =  
   FAILED Transposition Input = B Expected = J Actual =  
   FAILED Transposition Input = C Expected = M Actual =  
   FAILED Transposition Input = D Expected = Z Actual =  
   FAILED Transposition Input = E Expected = A Actual =  
   FAILED Transposition Input = F Expected = L Actual =  
   FAILED Transposition Input = G Expected = Y Actual =  
   FAILED Transposition Input = H Expected = X Actual =  
   FAILED Transposition Input = I Expected = V Actual =  
   FAILED Transposition Input = J Expected = B Actual =  
   FAILED Transposition Input = K Expected = W Actual =  
   FAILED Transposition Input = L Expected = F Actual =  
   FAILED Transposition Input = M Expected = C Actual =  
   FAILED Transposition Input = N Expected = R Actual =  
   FAILED Transposition Input = O Expected = Q Actual =  
   FAILED Transposition Input = P Expected = U Actual =  
   FAILED Transposition Input = Q Expected = O Actual =  
   FAILED Transposition Input = R Expected = N Actual =  
   FAILED Transposition Input = S Expected = T Actual =  
   FAILED Transposition Input = T Expected = S Actual =  
   FAILED Transposition Input = U Expected = P Actual =  
   FAILED Transposition Input = V Expected = I Actual =  
   FAILED Transposition Input = W Expected = K Actual =  
   FAILED Transposition Input = X Expected = H Actual =  
   FAILED Transposition Input = Y Expected = G Actual =  
   FAILED Transposition Input = Z Expected = D Actual =  
   Transposition Map - REF_B
   FAILED Transposition Input = A Expected = Y Actual =  
   FAILED Transposition Input = B Expected = R Actual =  
   FAILED Transposition Input = C Expected = U Actual =  
   FAILED Transposition Input = D Expected = H Actual =  
   FAILED Transposition Input = E Expected = Q Actual =  
   FAILED Transposition Input = F Expected = S Actual =  
   FAILED Transposition Input = G Expected = L Actual =  
   FAILED Transposition Input = H Expected = D Actual =  
   FAILED Transposition Input = I Expected = P Actual =  
   FAILED Transposition Input = J Expected = X Actual =  
   FAILED Transposition Input = K Expected = N Actual =  
   FAILED Transposition Input = L Expected = G Actual =  
   FAILED Transposition Input = M Expected = O Actual =  
   FAILED Transposition Input = N Expected = K Actual =  
   FAILED Transposition Input = O Expected = M Actual =  
   FAILED Transposition Input = P Expected = I Actual =  
   FAILED Transposition Input = Q Expected = E Actual =  
   FAILED Transposition Input = R Expected = B Actual =  
   FAILED Transposition Input = S Expected = F Actual =  
   FAILED Transposition Input = T Expected = Z Actual =  
   FAILED Transposition Input = U Expected = C Actual =  
   FAILED Transposition Input = V Expected = W Actual =  
   FAILED Transposition Input = W Expected = V Actual =  
   FAILED Transposition Input = X Expected = J Actual =  
   FAILED Transposition Input = Y Expected = A Actual =  
   FAILED Transposition Input = Z Expected = T Actual =  
   Transposition Map - REF_C
   FAILED Transposition Input = A Expected = F Actual =  
   FAILED Transposition Input = B Expected = V Actual =  
   FAILED Transposition Input = C Expected = P Actual =  
   FAILED Transposition Input = D Expected = J Actual =  
   FAILED Transposition Input = E Expected = I Actual =  
   FAILED Transposition Input = F Expected = A Actual =  
   FAILED Transposition Input = G Expected = O Actual =  
   FAILED Transposition Input = H Expected = Y Actual =  
   FAILED Transposition Input = I Expected = E Actual =  
   FAILED Transposition Input = J Expected = D Actual =  
   FAILED Transposition Input = K Expected = R Actual =  
   FAILED Transposition Input = L Expected = Z Actual =  
   FAILED Transposition Input = M Expected = X Actual =  
   FAILED Transposition Input = N Expected = W Actual =  
   FAILED Transposition Input = O Expected = G Actual =  
   FAILED Transposition Input = P Expected = C Actual =  
   FAILED Transposition Input = Q Expected = T Actual =  
   FAILED Transposition Input = R Expected = K Actual =  
   FAILED Transposition Input = S Expected = U Actual =  
   FAILED Transposition Input = T Expected = Q Actual =  
   FAILED Transposition Input = U Expected = S Actual =  
   FAILED Transposition Input = V Expected = B Actual =  
   FAILED Transposition Input = W Expected = N Actual =  
   FAILED Transposition Input = X Expected = M Actual =  
   FAILED Transposition Input = Y Expected = H Actual =  
   FAILED Transposition Input = Z Expected = L Actual =  
   Transposition Map - REF_B_THIN
   FAILED Transposition Input = A Expected = E Actual =  
   FAILED Transposition Input = B Expected = N Actual =  
   FAILED Transposition Input = C Expected = K Actual =  
   FAILED Transposition Input = D Expected = Q Actual =  
   FAILED Transposition Input = E Expected = A Actual =  
   FAILED Transposition Input = F Expected = U Actual =  
   FAILED Transposition Input = G Expected = Y Actual =  
   FAILED Transposition Input = H Expected = W Actual =  
   FAILED Transposition Input = I Expected = J Actual =  
   FAILED Transposition Input = J Expected = I Actual =  
   FAILED Transposition Input = K Expected = C Actual =  
   FAILED Transposition Input = L Expected = O Actual =  
   FAILED Transposition Input = M Expected = P Actual =  
   FAILED Transposition Input = N Expected = B Actual =  
   FAILED Transposition Input = O Expected = L Actual =  
   FAILED Transposition Input = P Expected = M Actual =  
   FAILED Transposition Input = Q Expected = D Actual =  
   FAILED Transposition Input = R Expected = X Actual =  
   FAILED Transposition Input = S Expected = Z Actual =  
   FAILED Transposition Input = T Expected = V Actual =  
   FAILED Transposition Input = U Expected = F Actual =  
   FAILED Transposition Input = V Expected = T Actual =  
   FAILED Transposition Input = W Expected = H Actual =  
   FAILED Transposition Input = X Expected = R Actual =  
   FAILED Transposition Input = Y Expected = G Actual =  
   FAILED Transposition Input = Z Expected = S Actual =  
   Transposition Map - REF_C_THIN
   FAILED Transposition Input = A Expected = R Actual =  
   FAILED Transposition Input = B Expected = D Actual =  
   FAILED Transposition Input = C Expected = O Actual =  
   FAILED Transposition Input = D Expected = B Actual =  
   FAILED Transposition Input = E Expected = J Actual =  
   FAILED Transposition Input = F Expected = N Actual =  
   FAILED Transposition Input = G Expected = T Actual =  
   FAILED Transposition Input = H Expected = K Actual =  
   FAILED Transposition Input = I Expected = V Actual =  
   FAILED Transposition Input = J Expected = E Actual =  
   FAILED Transposition Input = K Expected = H Actual =  
   FAILED Transposition Input = L Expected = M Actual =  
   FAILED Transposition Input = M Expected = L Actual =  
   FAILED Transposition Input = N Expected = F Actual =  
   FAILED Transposition Input = O Expected = C Actual =  
   FAILED Transposition Input = P Expected = W Actual =  
   FAILED Transposition Input = Q Expected = Z Actual =  
   FAILED Transposition Input = R Expected = A Actual =  
   FAILED Transposition Input = S Expected = X Actual =  
   FAILED Transposition Input = T Expected = G Actual =  
   FAILED Transposition Input = U Expected = Y Actual =  
   FAILED Transposition Input = V Expected = I Actual =  
   FAILED Transposition Input = W Expected = P Actual =  
   FAILED Transposition Input = X Expected = S Actual =  
   FAILED Transposition Input = Y Expected = U Actual =  
   FAILED Transposition Input = Z Expected = Q Actual =  
   Transposition Map - REF_ETW
   FAILED Transposition Input = A Expected = A Actual =  
   FAILED Transposition Input = B Expected = B Actual =  
   FAILED Transposition Input = C Expected = C Actual =  
   FAILED Transposition Input = D Expected = D Actual =  
   FAILED Transposition Input = E Expected = E Actual =  
   FAILED Transposition Input = F Expected = F Actual =  
   FAILED Transposition Input = G Expected = G Actual =  
   FAILED Transposition Input = H Expected = H Actual =  
   FAILED Transposition Input = I Expected = I Actual =  
   FAILED Transposition Input = J Expected = J Actual =  
   FAILED Transposition Input = K Expected = K Actual =  
   FAILED Transposition Input = L Expected = L Actual =  
   FAILED Transposition Input = M Expected = M Actual =  
   FAILED Transposition Input = N Expected = N Actual =  
   FAILED Transposition Input = O Expected = O Actual =  
   FAILED Transposition Input = P Expected = P Actual =  
   FAILED Transposition Input = Q Expected = Q Actual =  
   FAILED Transposition Input = R Expected = R Actual =  
   FAILED Transposition Input = S Expected = S Actual =  
   FAILED Transposition Input = T Expected = T Actual =  
   FAILED Transposition Input = U Expected = U Actual =  
   FAILED Transposition Input = V Expected = V Actual =  
   FAILED Transposition Input = W Expected = W Actual =  
   FAILED Transposition Input = X Expected = X Actual =  
   FAILED Transposition Input = Y Expected = Y Actual =  
   FAILED Transposition Input = Z Expected = Z Actual =  
getEnigmaRotor
Constructor
transposeCharacter
   FAILED Transposition Input = A Expected = D Actual =  
   FAILED Transposition Input = B Expected = M Actual =  
   FAILED Transposition Input = C Expected = T Actual =  
   FAILED Transposition Input = D Expected = W Actual =  
   FAILED Transposition Input = E Expected = S Actual =  
   FAILED Transposition Input = F Expected = I Actual =  
   FAILED Transposition Input = G Expected = L Actual =  
   FAILED Transposition Input = H Expected = R Actual =  
   FAILED Transposition Input = I Expected = U Actual =  
   FAILED Transposition Input = J Expected = Y Actual =  
   FAILED Transposition Input = K Expected = Q Actual =  
   FAILED Transposition Input = L Expected = N Actual =  
   FAILED Transposition Input = M Expected = K Actual =  
   FAILED Transposition Input = N Expected = F Actual =  
   FAILED Transposition Input = O Expected = E Actual =  
   FAILED Transposition Input = P Expected = J Actual =  
   FAILED Transposition Input = Q Expected = C Actual =  
   FAILED Transposition Input = R Expected = A Actual =  
   FAILED Transposition Input = S Expected = Z Actual =  
   FAILED Transposition Input = T Expected = B Actual =  
   FAILED Transposition Input = U Expected = P Actual =  
   FAILED Transposition Input = V Expected = G Actual =  
   FAILED Transposition Input = W Expected = X Actual =  
   FAILED Transposition Input = X Expected = O Actual =  
   FAILED Transposition Input = Y Expected = H Actual =  
   FAILED Transposition Input = Z Expected = V Actual =  
]]></system-out>
  <system-err><![CDATA[]]></system-err>
</testsuite>
